2020-Jun-25 11:52:10,153 [main] resonancia.bestbuy.maindata.TestBase 
  INFO  Configuration file loaded
2020-Jun-25 11:52:19,343 [main] resonancia.bestbuy.maindata.TestBase 
  INFO  Chrome launched
2020-Jun-25 11:52:32,906 [main] resonancia.bestbuy.maindata.TestBase 
  INFO  Url https://www.bestbuy.com/ opened
2020-Jun-25 11:52:38,858 [main] resonancia.bestbuy.maindata.TestBase 
  INFO  Configuration file loaded
2020-Jun-25 11:52:38,859 [main] resonancia.bestbuy.maindata.TestBase 
  INFO  Just before finding element: By.xpath: //div[@lang="en"]//div[@class="country-selection"]//a[@class="us-link"] on browser: ChromeDriver: chrome on WINDOWS (107e582dfa3a30ad860f67b4c77e03ee)
2020-Jun-25 11:52:38,920 [main] resonancia.bestbuy.maindata.TestBase 
  INFO  Just after finding element: By.xpath: //div[@lang="en"]//div[@class="country-selection"]//a[@class="us-link"] inside [[ChromeDriver: chrome on WINDOWS (107e582dfa3a30ad860f67b4c77e03ee)] -> xpath: //div[@lang="en"]//div[@class="country-selection"]//a[@class="us-link"]] Web element on browser: ChromeDriver: chrome on WINDOWS (107e582dfa3a30ad860f67b4c77e03ee)
2020-Jun-25 11:52:39,069 [main] resonancia.bestbuy.maindata.TestBase 
  INFO  Trying to click on United States a
2020-Jun-25 11:52:55,203 [main] resonancia.bestbuy.maindata.TestBase 
  INFO  Just before finding element: By.xpath: //button[@class="c-close-icon  c-modal-close-icon"] on browser: ChromeDriver: chrome on WINDOWS (107e582dfa3a30ad860f67b4c77e03ee)
2020-Jun-25 11:52:55,458 [main] resonancia.bestbuy.maindata.TestBase 
  INFO  Just after finding element: By.xpath: //button[@class="c-close-icon  c-modal-close-icon"] inside [[ChromeDriver: chrome on WINDOWS (107e582dfa3a30ad860f67b4c77e03ee)] -> xpath: //button[@class="c-close-icon  c-modal-close-icon"]] Web element on browser: ChromeDriver: chrome on WINDOWS (107e582dfa3a30ad860f67b4c77e03ee)
2020-Jun-25 11:52:55,687 [main] resonancia.bestbuy.maindata.TestBase 
  INFO  Trying to click on Close button
2020-Jun-25 11:52:56,067 [main] resonancia.bestbuy.maindata.TestBase 
  INFO  Configuration file loaded
