2020-Jun-06 08:18:05,298 [main] resonancia.bigbasket.homepagetests.LoginPageTests 
  INFO  Configuration file loaded
2020-Jun-06 08:18:15,480 [main] resonancia.bigbasket.homepagetests.LoginPageTests 
  INFO  Chrome launched
2020-Jun-06 08:18:28,183 [main] resonancia.bigbasket.homepagetests.LoginPageTests 
  INFO  Url https://www.bigbasket.com/ opened
2020-Jun-06 08:18:41,337 [main] resonancia.bigbasket.customeutils.WebEventListner 
  INFO  Configuration file loaded
2020-Jun-06 08:18:41,420 [main] resonancia.bigbasket.pages.LoginPage 
  INFO  Configuration file loaded
2020-Jun-06 08:18:41,791 [main] resonancia.bigbasket.customeutils.WebEventListner 
  INFO  Just before finding element: By.xpath: //div[@id='headerControllerId']//a[3] on browser: ChromeDriver: chrome on WINDOWS (b3c8e2b01dac145bc407de0a3b20f143)
2020-Jun-06 08:18:42,020 [main] resonancia.bigbasket.customeutils.WebEventListner 
  INFO  Just after finding element: By.xpath: //div[@id='headerControllerId']//a[3] inside [[ChromeDriver: chrome on WINDOWS (b3c8e2b01dac145bc407de0a3b20f143)] -> xpath: //div[@id='headerControllerId']//a[3]] Web element on browser: ChromeDriver: chrome on WINDOWS (b3c8e2b01dac145bc407de0a3b20f143)
2020-Jun-06 08:18:42,195 [main] resonancia.bigbasket.customeutils.WebEventListner 
  INFO  Trying to click on Login a
2020-Jun-06 08:18:45,105 [main] resonancia.bigbasket.customeutils.WebEventListner 
  INFO  Clicked on Login a
2020-Jun-06 08:18:47,236 [main] resonancia.bigbasket.customeutils.WebEventListner 
  INFO  Just before finding element: By.xpath: //div[@class='modal-content']//div[@class='ng-scope']//button[@type='button'] on browser: ChromeDriver: chrome on WINDOWS (b3c8e2b01dac145bc407de0a3b20f143)
2020-Jun-06 08:18:47,288 [main] resonancia.bigbasket.customeutils.WebEventListner 
  INFO  Just after finding element: By.xpath: //div[@class='modal-content']//div[@class='ng-scope']//button[@type='button'] inside [[ChromeDriver: chrome on WINDOWS (b3c8e2b01dac145bc407de0a3b20f143)] -> xpath: //div[@class='modal-content']//div[@class='ng-scope']//button[@type='button']] Web element on browser: ChromeDriver: chrome on WINDOWS (b3c8e2b01dac145bc407de0a3b20f143)
2020-Jun-06 08:18:47,373 [main] resonancia.bigbasket.customeutils.WebEventListner 
  INFO  Trying to click on  button
2020-Jun-06 08:18:47,779 [main] resonancia.bigbasket.customeutils.WebEventListner 
  INFO  Clicked on  button
2020-Jun-06 08:18:47,799 [main] resonancia.bigbasket.pages.LoginPage 
  INFO  Switching to main window
2020-Jun-06 08:18:48,063 [main] resonancia.bigbasket.customeutils.WebEventListner 
  INFO  Trying to click on Login a
2020-Jun-06 08:18:49,790 [main] resonancia.bigbasket.customeutils.WebEventListner 
  INFO  Clicked on Login a
2020-Jun-06 08:18:51,822 [main] resonancia.bigbasket.customeutils.WebEventListner 
  INFO  Just before finding element: By.cssSelector: a[class='gplusBtn smGlobalBtn'] on browser: ChromeDriver: chrome on WINDOWS (b3c8e2b01dac145bc407de0a3b20f143)
2020-Jun-06 08:18:51,863 [main] resonancia.bigbasket.customeutils.WebEventListner 
  INFO  Just after finding element: By.cssSelector: a[class='gplusBtn smGlobalBtn'] inside [[ChromeDriver: chrome on WINDOWS (b3c8e2b01dac145bc407de0a3b20f143)] -> css selector: a[class='gplusBtn smGlobalBtn']] Web element on browser: ChromeDriver: chrome on WINDOWS (b3c8e2b01dac145bc407de0a3b20f143)
2020-Jun-06 08:18:51,922 [main] resonancia.bigbasket.customeutils.WebEventListner 
  INFO  Trying to click on  a
2020-Jun-06 08:18:53,090 [main] resonancia.bigbasket.customeutils.WebEventListner 
  INFO  Clicked on  a
2020-Jun-06 08:18:53,154 [main] resonancia.bigbasket.pages.HomePage 
  INFO  Configuration file loaded
2020-Jun-06 08:18:53,155 [main] resonancia.bigbasket.customeutils.WebEventListner 
  INFO  Just before finding element: By.xpath: //div[@class='dropdown user-dropdown hvr-drop']//span[@class='ng-binding'] on browser: ChromeDriver: chrome on WINDOWS (b3c8e2b01dac145bc407de0a3b20f143)
