2020-Jun-25 14:51:00,292 [main] resonancia.bestbuy.maindata.TestBase 
  INFO  Just after finding element: By.xpath: //a[contains(text(),'Handheld & Stick Vacuums')] inside [[ChromeDriver: chrome on WINDOWS (596d5f177b267bf7a90da266ce723805)] -> xpath: //a[contains(text(),'Handheld & Stick Vacuums')]] Web element on browser: ChromeDriver: chrome on WINDOWS (596d5f177b267bf7a90da266ce723805)
2020-Jun-25 14:51:00,413 [main] resonancia.bestbuy.maindata.TestBase 
  INFO  Trying to click on Handheld & Stick Vacuums a
2020-Jun-25 14:51:18,998 [main] resonancia.bestbuy.maindata.TestBase 
  INFO  Just before finding element: By.xpath: //span[@class='item-count'] on browser: ChromeDriver: chrome on WINDOWS (596d5f177b267bf7a90da266ce723805)
2020-Jun-25 14:51:19,693 [main] resonancia.bestbuy.maindata.TestBase 
  INFO  Just after finding element: By.xpath: //span[@class='item-count'] inside [[ChromeDriver: chrome on WINDOWS (596d5f177b267bf7a90da266ce723805)] -> xpath: //span[@class='item-count']] Web element on browser: ChromeDriver: chrome on WINDOWS (596d5f177b267bf7a90da266ce723805)
2020-Jun-25 14:51:20,001 [main] resonancia.bestbuy.maindata.TestBase 
  INFO  Just before finding element: By.xpath: //div[@class='left-side']//span on browser: ChromeDriver: chrome on WINDOWS (596d5f177b267bf7a90da266ce723805)
2020-Jun-25 14:51:20,040 [main] resonancia.bestbuy.maindata.TestBase 
  INFO  Just after finding element: By.xpath: //div[@class='left-side']//span inside [[ChromeDriver: chrome on WINDOWS (596d5f177b267bf7a90da266ce723805)] -> xpath: //div[@class='left-side']//span] Web element on browser: ChromeDriver: chrome on WINDOWS (596d5f177b267bf7a90da266ce723805)
2020-Jun-25 14:51:20,088 [main] resonancia.bestbuy.maindata.TestBase 
  INFO  Just before finding element: By.xpath: //div[@class='left-side']//span on browser: ChromeDriver: chrome on WINDOWS (596d5f177b267bf7a90da266ce723805)
2020-Jun-25 14:51:20,139 [main] resonancia.bestbuy.maindata.TestBase 
  INFO  Just after finding element: By.xpath: //div[@class='left-side']//span inside [[ChromeDriver: chrome on WINDOWS (596d5f177b267bf7a90da266ce723805)] -> xpath: //div[@class='left-side']//span] Web element on browser: ChromeDriver: chrome on WINDOWS (596d5f177b267bf7a90da266ce723805)
2020-Jun-25 14:51:20,184 [main] resonancia.bestbuy.maindata.TestBase 
  INFO  Just before finding element: By.xpath: //button[contains(text(),'Products')] on browser: ChromeDriver: chrome on WINDOWS (596d5f177b267bf7a90da266ce723805)
2020-Jun-25 14:51:20,225 [main] resonancia.bestbuy.maindata.TestBase 
  INFO  Just after finding element: By.xpath: //button[contains(text(),'Products')] inside [[ChromeDriver: chrome on WINDOWS (596d5f177b267bf7a90da266ce723805)] -> xpath: //button[contains(text(),'Products')]] Web element on browser: ChromeDriver: chrome on WINDOWS (596d5f177b267bf7a90da266ce723805)
2020-Jun-25 14:51:20,316 [main] resonancia.bestbuy.maindata.TestBase 
  INFO  Trying to click on Products button
2020-Jun-25 14:51:20,752 [main] resonancia.bestbuy.maindata.TestBase 
  INFO  Just before finding element: By.xpath: //button[contains(text(),'Home, Furniture & Office')] on browser: ChromeDriver: chrome on WINDOWS (596d5f177b267bf7a90da266ce723805)
2020-Jun-25 14:51:21,114 [main] resonancia.bestbuy.maindata.TestBase 
  INFO  Just after finding element: By.xpath: //button[contains(text(),'Home, Furniture & Office')] inside [[ChromeDriver: chrome on WINDOWS (596d5f177b267bf7a90da266ce723805)] -> xpath: //button[contains(text(),'Home, Furniture & Office')]] Web element on browser: ChromeDriver: chrome on WINDOWS (596d5f177b267bf7a90da266ce723805)
2020-Jun-25 14:51:21,274 [main] resonancia.bestbuy.maindata.TestBase 
  INFO  Trying to click on Home, Furniture & Office button
2020-Jun-25 14:51:22,029 [main] resonancia.bestbuy.maindata.TestBase 
  INFO  Just before finding element: By.xpath: //div[contains(text(),'Home')] on browser: ChromeDriver: chrome on WINDOWS (596d5f177b267bf7a90da266ce723805)
2020-Jun-25 14:51:22,100 [main] resonancia.bestbuy.maindata.TestBase 
  INFO  Just after finding element: By.xpath: //div[contains(text(),'Home')] inside [[ChromeDriver: chrome on WINDOWS (596d5f177b267bf7a90da266ce723805)] -> xpath: //div[contains(text(),'Home')]] Web element on browser: ChromeDriver: chrome on WINDOWS (596d5f177b267bf7a90da266ce723805)
2020-Jun-25 14:51:22,198 [main] resonancia.bestbuy.maindata.TestBase 
  INFO  Trying to click on Home div
2020-Jun-25 14:51:28,342 [main] resonancia.bestbuy.maindata.TestBase 
  INFO  Just before finding element: By.xpath: //li[contains(@class,'item-child-menu')]//a[contains(text(),'Vacuum Cleaners & Floor Care')] on browser: ChromeDriver: chrome on WINDOWS (596d5f177b267bf7a90da266ce723805)
2020-Jun-25 14:51:28,500 [main] resonancia.bestbuy.maindata.TestBase 
  INFO  Just after finding element: By.xpath: //li[contains(@class,'item-child-menu')]//a[contains(text(),'Vacuum Cleaners & Floor Care')] inside [[ChromeDriver: chrome on WINDOWS (596d5f177b267bf7a90da266ce723805)] -> xpath: //li[contains(@class,'item-child-menu')]//a[contains(text(),'Vacuum Cleaners & Floor Care')]] Web element on browser: ChromeDriver: chrome on WINDOWS (596d5f177b267bf7a90da266ce723805)
2020-Jun-25 14:51:28,592 [main] resonancia.bestbuy.maindata.TestBase 
  INFO  Trying to click on Vacuum Cleaners & Floor Care a
2020-Jun-25 14:51:30,673 [main] resonancia.bestbuy.maindata.TestBase 
  INFO  Just before finding element: By.xpath: //a[contains(text(),'Robot Vacuums & Mops')] on browser: ChromeDriver: chrome on WINDOWS (596d5f177b267bf7a90da266ce723805)
2020-Jun-25 14:51:32,368 [main] resonancia.bestbuy.maindata.TestBase 
  INFO  Just after finding element: By.xpath: //a[contains(text(),'Robot Vacuums & Mops')] inside [[ChromeDriver: chrome on WINDOWS (596d5f177b267bf7a90da266ce723805)] -> xpath: //a[contains(text(),'Robot Vacuums & Mops')]] Web element on browser: ChromeDriver: chrome on WINDOWS (596d5f177b267bf7a90da266ce723805)
2020-Jun-25 14:51:33,550 [main] resonancia.bestbuy.maindata.TestBase 
  INFO  Trying to click on Robot Vacuums & Mops a
2020-Jun-25 14:51:39,723 [main] resonancia.bestbuy.maindata.TestBase 
  INFO  Just before finding element: By.xpath: //span[@class='item-count'] on browser: ChromeDriver: chrome on WINDOWS (596d5f177b267bf7a90da266ce723805)
2020-Jun-25 14:51:42,225 [main] resonancia.bestbuy.maindata.TestBase 
  INFO  Just after finding element: By.xpath: //span[@class='item-count'] inside [[ChromeDriver: chrome on WINDOWS (596d5f177b267bf7a90da266ce723805)] -> xpath: //span[@class='item-count']] Web element on browser: ChromeDriver: chrome on WINDOWS (596d5f177b267bf7a90da266ce723805)
2020-Jun-25 14:51:43,260 [main] resonancia.bestbuy.maindata.TestBase 
  INFO  Just before finding element: By.xpath: //div[@class='left-side']//span on browser: ChromeDriver: chrome on WINDOWS (596d5f177b267bf7a90da266ce723805)
2020-Jun-25 14:51:52,182 [main] resonancia.bestbuy.maindata.TestBase 
  INFO  Just after finding element: By.xpath: //div[@class='left-side']//span inside [[ChromeDriver: chrome on WINDOWS (596d5f177b267bf7a90da266ce723805)] -> xpath: //div[@class='left-side']//span] Web element on browser: ChromeDriver: chrome on WINDOWS (596d5f177b267bf7a90da266ce723805)
2020-Jun-25 14:51:53,759 [main] resonancia.bestbuy.maindata.TestBase 
  INFO  Just before finding element: By.xpath: //div[@class='left-side']//span on browser: ChromeDriver: chrome on WINDOWS (596d5f177b267bf7a90da266ce723805)
2020-Jun-25 14:51:59,160 [main] resonancia.bestbuy.maindata.TestBase 
  INFO  Just after finding element: By.xpath: //div[@class='left-side']//span inside [[ChromeDriver: chrome on WINDOWS (596d5f177b267bf7a90da266ce723805)] -> xpath: //div[@class='left-side']//span] Web element on browser: ChromeDriver: chrome on WINDOWS (596d5f177b267bf7a90da266ce723805)
