2020-Jun-25 11:50:11,198 [main] resonancia.bestbuy.maindata.TestBase 
  INFO  Configuration file loaded
2020-Jun-25 11:50:23,046 [main] resonancia.bestbuy.maindata.TestBase 
  INFO  Chrome launched
2020-Jun-25 11:50:28,182 [main] resonancia.bestbuy.maindata.TestBase 
  INFO  Url https://www.bestbuy.com/ opened
2020-Jun-25 11:50:39,702 [main] resonancia.bestbuy.maindata.TestBase 
  INFO  Configuration file loaded
2020-Jun-25 11:50:39,703 [main] resonancia.bestbuy.maindata.TestBase 
  INFO  Just before finding element: By.xpath: //div[@lang="en"]//div[@class="country-selection"]//a[@class="us-link"] on browser: ChromeDriver: chrome on WINDOWS (4129080e9a5e4b9f2ec47ff841fe30e3)
2020-Jun-25 11:50:39,759 [main] resonancia.bestbuy.maindata.TestBase 
  INFO  Just after finding element: By.xpath: //div[@lang="en"]//div[@class="country-selection"]//a[@class="us-link"] inside [[ChromeDriver: chrome on WINDOWS (4129080e9a5e4b9f2ec47ff841fe30e3)] -> xpath: //div[@lang="en"]//div[@class="country-selection"]//a[@class="us-link"]] Web element on browser: ChromeDriver: chrome on WINDOWS (4129080e9a5e4b9f2ec47ff841fe30e3)
2020-Jun-25 11:50:39,863 [main] resonancia.bestbuy.maindata.TestBase 
  INFO  Trying to click on United States a
2020-Jun-25 11:50:57,447 [main] resonancia.bestbuy.maindata.TestBase 
  INFO  Just before finding element: By.xpath: //button[@class="c-close-icon  c-modal-close-icon"] on browser: ChromeDriver: chrome on WINDOWS (4129080e9a5e4b9f2ec47ff841fe30e3)
2020-Jun-25 11:50:58,934 [main] resonancia.bestbuy.maindata.TestBase 
  INFO  Just after finding element: By.xpath: //button[@class="c-close-icon  c-modal-close-icon"] inside [[ChromeDriver: chrome on WINDOWS (4129080e9a5e4b9f2ec47ff841fe30e3)] -> xpath: //button[@class="c-close-icon  c-modal-close-icon"]] Web element on browser: ChromeDriver: chrome on WINDOWS (4129080e9a5e4b9f2ec47ff841fe30e3)
2020-Jun-25 11:50:59,082 [main] resonancia.bestbuy.maindata.TestBase 
  INFO  Trying to click on Close button
2020-Jun-25 11:50:59,453 [main] resonancia.bestbuy.maindata.TestBase 
  INFO  Configuration file loaded
