2020-Jun-25 15:51:02,570 [main] resonancia.bestbuy.maindata.TestBase 
  INFO  Just before finding element: By.xpath: //button[@class="c-close-icon  c-modal-close-icon"] on browser: ChromeDriver: chrome on WINDOWS (6c0ddfea06082c1f661d14c601aef12d)
2020-Jun-25 15:51:03,841 [main] resonancia.bestbuy.maindata.TestBase 
  INFO  Just after finding element: By.xpath: //button[@class="c-close-icon  c-modal-close-icon"] inside [[ChromeDriver: chrome on WINDOWS (6c0ddfea06082c1f661d14c601aef12d)] -> xpath: //button[@class="c-close-icon  c-modal-close-icon"]] Web element on browser: ChromeDriver: chrome on WINDOWS (6c0ddfea06082c1f661d14c601aef12d)
2020-Jun-25 15:51:04,001 [main] resonancia.bestbuy.maindata.TestBase 
  INFO  Trying to click on  button
2020-Jun-25 15:51:04,756 [main] resonancia.bestbuy.maindata.TestBase 
  INFO  Configuration file loaded
2020-Jun-25 15:51:17,670 [main] resonancia.bestbuy.maindata.TestBase 
  INFO  Just before finding element: By.xpath: //button[contains(text(),'Products')] on browser: ChromeDriver: chrome on WINDOWS (6c0ddfea06082c1f661d14c601aef12d)
2020-Jun-25 15:51:17,853 [main] resonancia.bestbuy.maindata.TestBase 
  INFO  Just after finding element: By.xpath: //button[contains(text(),'Products')] inside [[ChromeDriver: chrome on WINDOWS (6c0ddfea06082c1f661d14c601aef12d)] -> xpath: //button[contains(text(),'Products')]] Web element on browser: ChromeDriver: chrome on WINDOWS (6c0ddfea06082c1f661d14c601aef12d)
2020-Jun-25 15:51:18,060 [main] resonancia.bestbuy.maindata.TestBase 
  INFO  Trying to click on Products button
2020-Jun-25 15:51:18,727 [main] resonancia.bestbuy.maindata.TestBase 
  INFO  Just before finding element: By.xpath: //button[contains(text(),'Home, Furniture & Office')] on browser: ChromeDriver: chrome on WINDOWS (6c0ddfea06082c1f661d14c601aef12d)
2020-Jun-25 15:51:18,881 [main] resonancia.bestbuy.maindata.TestBase 
  INFO  Just after finding element: By.xpath: //button[contains(text(),'Home, Furniture & Office')] inside [[ChromeDriver: chrome on WINDOWS (6c0ddfea06082c1f661d14c601aef12d)] -> xpath: //button[contains(text(),'Home, Furniture & Office')]] Web element on browser: ChromeDriver: chrome on WINDOWS (6c0ddfea06082c1f661d14c601aef12d)
2020-Jun-25 15:51:19,103 [main] resonancia.bestbuy.maindata.TestBase 
  INFO  Trying to click on Home, Furniture & Office button
2020-Jun-25 15:51:19,758 [main] resonancia.bestbuy.maindata.TestBase 
  INFO  Just before finding element: By.xpath: //div[contains(text(),'Home')] on browser: ChromeDriver: chrome on WINDOWS (6c0ddfea06082c1f661d14c601aef12d)
2020-Jun-25 15:51:19,889 [main] resonancia.bestbuy.maindata.TestBase 
  INFO  Just after finding element: By.xpath: //div[contains(text(),'Home')] inside [[ChromeDriver: chrome on WINDOWS (6c0ddfea06082c1f661d14c601aef12d)] -> xpath: //div[contains(text(),'Home')]] Web element on browser: ChromeDriver: chrome on WINDOWS (6c0ddfea06082c1f661d14c601aef12d)
2020-Jun-25 15:51:20,095 [main] resonancia.bestbuy.maindata.TestBase 
  INFO  Trying to click on Home div
2020-Jun-25 15:51:20,599 [main] resonancia.bestbuy.maindata.TestBase 
  INFO  Just before finding element: By.xpath: //li[contains(@class,'item-child-menu')]//a[contains(text(),'Vacuum Cleaners & Floor Care')] on browser: ChromeDriver: chrome on WINDOWS (6c0ddfea06082c1f661d14c601aef12d)
2020-Jun-25 15:51:20,758 [main] resonancia.bestbuy.maindata.TestBase 
  INFO  Just after finding element: By.xpath: //li[contains(@class,'item-child-menu')]//a[contains(text(),'Vacuum Cleaners & Floor Care')] inside [[ChromeDriver: chrome on WINDOWS (6c0ddfea06082c1f661d14c601aef12d)] -> xpath: //li[contains(@class,'item-child-menu')]//a[contains(text(),'Vacuum Cleaners & Floor Care')]] Web element on browser: ChromeDriver: chrome on WINDOWS (6c0ddfea06082c1f661d14c601aef12d)
2020-Jun-25 15:51:20,963 [main] resonancia.bestbuy.maindata.TestBase 
  INFO  Trying to click on Vacuum Cleaners & Floor Care a
2020-Jun-25 15:51:30,858 [main] resonancia.bestbuy.maindata.TestBase 
  INFO  Just before finding element: By.xpath: //a[contains(text(),'Upright Vacuums')] on browser: ChromeDriver: chrome on WINDOWS (6c0ddfea06082c1f661d14c601aef12d)
2020-Jun-25 15:51:31,615 [main] resonancia.bestbuy.maindata.TestBase 
  INFO  Just after finding element: By.xpath: //a[contains(text(),'Upright Vacuums')] inside [[ChromeDriver: chrome on WINDOWS (6c0ddfea06082c1f661d14c601aef12d)] -> xpath: //a[contains(text(),'Upright Vacuums')]] Web element on browser: ChromeDriver: chrome on WINDOWS (6c0ddfea06082c1f661d14c601aef12d)
2020-Jun-25 15:51:31,696 [main] resonancia.bestbuy.maindata.TestBase 
  INFO  Trying to click on Upright Vacuums a
2020-Jun-25 15:51:35,246 [main] resonancia.bestbuy.maindata.TestBase 
  INFO  Just before finding element: By.xpath: //span[@class='item-count'] on browser: ChromeDriver: chrome on WINDOWS (6c0ddfea06082c1f661d14c601aef12d)
2020-Jun-25 15:51:39,380 [main] resonancia.bestbuy.maindata.TestBase 
  INFO  Just after finding element: By.xpath: //span[@class='item-count'] inside [[ChromeDriver: chrome on WINDOWS (6c0ddfea06082c1f661d14c601aef12d)] -> xpath: //span[@class='item-count']] Web element on browser: ChromeDriver: chrome on WINDOWS (6c0ddfea06082c1f661d14c601aef12d)
2020-Jun-25 15:51:39,706 [main] resonancia.bestbuy.maindata.TestBase 
  INFO  Just before finding element: By.xpath: //div[@class='left-side']//span on browser: ChromeDriver: chrome on WINDOWS (6c0ddfea06082c1f661d14c601aef12d)
2020-Jun-25 15:51:44,511 [main] resonancia.bestbuy.maindata.TestBase 
  INFO  Just after finding element: By.xpath: //div[@class='left-side']//span inside [[ChromeDriver: chrome on WINDOWS (6c0ddfea06082c1f661d14c601aef12d)] -> xpath: //div[@class='left-side']//span] Web element on browser: ChromeDriver: chrome on WINDOWS (6c0ddfea06082c1f661d14c601aef12d)
2020-Jun-25 15:51:45,251 [main] resonancia.bestbuy.maindata.TestBase 
  INFO  Just before finding element: By.xpath: //div[@class='left-side']//span on browser: ChromeDriver: chrome on WINDOWS (6c0ddfea06082c1f661d14c601aef12d)
2020-Jun-25 15:51:49,225 [main] resonancia.bestbuy.maindata.TestBase 
  INFO  Just after finding element: By.xpath: //div[@class='left-side']//span inside [[ChromeDriver: chrome on WINDOWS (6c0ddfea06082c1f661d14c601aef12d)] -> xpath: //div[@class='left-side']//span] Web element on browser: ChromeDriver: chrome on WINDOWS (6c0ddfea06082c1f661d14c601aef12d)
2020-Jun-25 15:51:50,937 [main] resonancia.bestbuy.maindata.TestBase 
  INFO  Just before finding element: By.xpath: //button[contains(text(),'Products')] on browser: ChromeDriver: chrome on WINDOWS (6c0ddfea06082c1f661d14c601aef12d)
2020-Jun-25 15:51:52,912 [main] resonancia.bestbuy.maindata.TestBase 
  INFO  Just after finding element: By.xpath: //button[contains(text(),'Products')] inside [[ChromeDriver: chrome on WINDOWS (6c0ddfea06082c1f661d14c601aef12d)] -> xpath: //button[contains(text(),'Products')]] Web element on browser: ChromeDriver: chrome on WINDOWS (6c0ddfea06082c1f661d14c601aef12d)
2020-Jun-25 15:51:53,805 [main] resonancia.bestbuy.maindata.TestBase 
  INFO  Trying to click on Products button
2020-Jun-25 15:51:55,384 [main] resonancia.bestbuy.maindata.TestBase 
  INFO  Just before finding element: By.xpath: //button[contains(text(),'Home, Furniture & Office')] on browser: ChromeDriver: chrome on WINDOWS (6c0ddfea06082c1f661d14c601aef12d)
2020-Jun-25 15:51:55,841 [main] resonancia.bestbuy.maindata.TestBase 
  INFO  Just after finding element: By.xpath: //button[contains(text(),'Home, Furniture & Office')] inside [[ChromeDriver: chrome on WINDOWS (6c0ddfea06082c1f661d14c601aef12d)] -> xpath: //button[contains(text(),'Home, Furniture & Office')]] Web element on browser: ChromeDriver: chrome on WINDOWS (6c0ddfea06082c1f661d14c601aef12d)
2020-Jun-25 15:51:55,951 [main] resonancia.bestbuy.maindata.TestBase 
  INFO  Trying to click on Home, Furniture & Office button
2020-Jun-25 15:51:56,413 [main] resonancia.bestbuy.maindata.TestBase 
  INFO  Just before finding element: By.xpath: //div[contains(text(),'Home')] on browser: ChromeDriver: chrome on WINDOWS (6c0ddfea06082c1f661d14c601aef12d)
2020-Jun-25 15:51:56,527 [main] resonancia.bestbuy.maindata.TestBase 
  INFO  Just after finding element: By.xpath: //div[contains(text(),'Home')] inside [[ChromeDriver: chrome on WINDOWS (6c0ddfea06082c1f661d14c601aef12d)] -> xpath: //div[contains(text(),'Home')]] Web element on browser: ChromeDriver: chrome on WINDOWS (6c0ddfea06082c1f661d14c601aef12d)
2020-Jun-25 15:51:57,225 [main] resonancia.bestbuy.maindata.TestBase 
  INFO  Trying to click on Home div
2020-Jun-25 15:51:59,601 [main] resonancia.bestbuy.maindata.TestBase 
  INFO  Just before finding element: By.xpath: //li[contains(@class,'item-child-menu')]//a[contains(text(),'Vacuum Cleaners & Floor Care')] on browser: ChromeDriver: chrome on WINDOWS (6c0ddfea06082c1f661d14c601aef12d)
