2020-Jun-25 11:27:18,954 [main] resonancia.bestbuy.maindata.TestBase 
  INFO  Configuration file loaded
2020-Jun-25 11:27:26,214 [main] resonancia.bestbuy.maindata.TestBase 
  INFO  Chrome launched
2020-Jun-25 11:27:29,683 [main] resonancia.bestbuy.maindata.TestBase 
  INFO  Url https://www.bestbuy.com/ opened
2020-Jun-25 11:27:35,918 [main] resonancia.bestbuy.maindata.TestBase 
  INFO  Configuration file loaded
2020-Jun-25 11:27:35,919 [main] resonancia.bestbuy.maindata.TestBase 
  INFO  Just before finding element: By.xpath: //div[@lang="en"]//div[@class="country-selection"]//a[@class="us-link"] on browser: ChromeDriver: chrome on WINDOWS (45802d2c8daf262727595d50a89e8e3d)
2020-Jun-25 11:27:35,965 [main] resonancia.bestbuy.maindata.TestBase 
  INFO  Just after finding element: By.xpath: //div[@lang="en"]//div[@class="country-selection"]//a[@class="us-link"] inside [[ChromeDriver: chrome on WINDOWS (45802d2c8daf262727595d50a89e8e3d)] -> xpath: //div[@lang="en"]//div[@class="country-selection"]//a[@class="us-link"]] Web element on browser: ChromeDriver: chrome on WINDOWS (45802d2c8daf262727595d50a89e8e3d)
2020-Jun-25 11:27:36,131 [main] resonancia.bestbuy.maindata.TestBase 
  INFO  Trying to click on United States a
2020-Jun-25 11:27:54,716 [main] resonancia.bestbuy.maindata.TestBase 
  INFO  Just before finding element: By.xpath: //button[@class="c-close-icon  c-modal-close-icon"] on browser: ChromeDriver: chrome on WINDOWS (45802d2c8daf262727595d50a89e8e3d)
2020-Jun-25 11:27:55,429 [main] resonancia.bestbuy.maindata.TestBase 
  INFO  Just after finding element: By.xpath: //button[@class="c-close-icon  c-modal-close-icon"] inside [[ChromeDriver: chrome on WINDOWS (45802d2c8daf262727595d50a89e8e3d)] -> xpath: //button[@class="c-close-icon  c-modal-close-icon"]] Web element on browser: ChromeDriver: chrome on WINDOWS (45802d2c8daf262727595d50a89e8e3d)
2020-Jun-25 11:27:55,709 [main] resonancia.bestbuy.maindata.TestBase 
  INFO  Trying to click on Close button
2020-Jun-25 11:27:56,736 [main] resonancia.bestbuy.maindata.TestBase 
  INFO  Configuration file loaded
