2020-Jun-25 12:13:01,110 [main] resonancia.bestbuy.maindata.TestBase 
  INFO  Just before finding element: By.xpath: //a[contains(text(),'Robot Vacuums & Mops')] on browser: ChromeDriver: chrome on WINDOWS (55d3ed1784ec0d654b8380263ae90253)
2020-Jun-25 12:13:05,645 [main] resonancia.bestbuy.maindata.TestBase 
  INFO  Just after finding element: By.xpath: //a[contains(text(),'Robot Vacuums & Mops')] inside [[ChromeDriver: chrome on WINDOWS (55d3ed1784ec0d654b8380263ae90253)] -> xpath: //a[contains(text(),'Robot Vacuums & Mops')]] Web element on browser: ChromeDriver: chrome on WINDOWS (55d3ed1784ec0d654b8380263ae90253)
2020-Jun-25 12:13:06,083 [main] resonancia.bestbuy.maindata.TestBase 
  INFO  Trying to click on Robot Vacuums & Mops a
2020-Jun-25 12:13:19,832 [main] resonancia.bestbuy.maindata.TestBase 
  INFO  Just before finding element: By.xpath: //span[@class='item-count'] on browser: ChromeDriver: chrome on WINDOWS (55d3ed1784ec0d654b8380263ae90253)
2020-Jun-25 12:13:20,569 [main] resonancia.bestbuy.maindata.TestBase 
  INFO  Just after finding element: By.xpath: //span[@class='item-count'] inside [[ChromeDriver: chrome on WINDOWS (55d3ed1784ec0d654b8380263ae90253)] -> xpath: //span[@class='item-count']] Web element on browser: ChromeDriver: chrome on WINDOWS (55d3ed1784ec0d654b8380263ae90253)
2020-Jun-25 12:13:20,993 [main] resonancia.bestbuy.maindata.TestBase 
  INFO  Just before finding element: By.xpath: //div[@class='left-side']//span on browser: ChromeDriver: chrome on WINDOWS (55d3ed1784ec0d654b8380263ae90253)
2020-Jun-25 12:13:21,119 [main] resonancia.bestbuy.maindata.TestBase 
  INFO  Just after finding element: By.xpath: //div[@class='left-side']//span inside [[ChromeDriver: chrome on WINDOWS (55d3ed1784ec0d654b8380263ae90253)] -> xpath: //div[@class='left-side']//span] Web element on browser: ChromeDriver: chrome on WINDOWS (55d3ed1784ec0d654b8380263ae90253)
2020-Jun-25 12:13:21,169 [main] resonancia.bestbuy.maindata.TestBase 
  INFO  Just before finding element: By.xpath: //div[@class='left-side']//span on browser: ChromeDriver: chrome on WINDOWS (55d3ed1784ec0d654b8380263ae90253)
2020-Jun-25 12:13:21,197 [main] resonancia.bestbuy.maindata.TestBase 
  INFO  Just after finding element: By.xpath: //div[@class='left-side']//span inside [[ChromeDriver: chrome on WINDOWS (55d3ed1784ec0d654b8380263ae90253)] -> xpath: //div[@class='left-side']//span] Web element on browser: ChromeDriver: chrome on WINDOWS (55d3ed1784ec0d654b8380263ae90253)
2020-Jun-25 12:13:21,232 [main] resonancia.bestbuy.maindata.TestBase 
  INFO  Just before finding element: By.xpath: //button[contains(text(),'Products')] on browser: ChromeDriver: chrome on WINDOWS (55d3ed1784ec0d654b8380263ae90253)
2020-Jun-25 12:13:21,261 [main] resonancia.bestbuy.maindata.TestBase 
  INFO  Just after finding element: By.xpath: //button[contains(text(),'Products')] inside [[ChromeDriver: chrome on WINDOWS (55d3ed1784ec0d654b8380263ae90253)] -> xpath: //button[contains(text(),'Products')]] Web element on browser: ChromeDriver: chrome on WINDOWS (55d3ed1784ec0d654b8380263ae90253)
2020-Jun-25 12:13:21,334 [main] resonancia.bestbuy.maindata.TestBase 
  INFO  Trying to click on Products button
2020-Jun-25 12:13:21,820 [main] resonancia.bestbuy.maindata.TestBase 
  INFO  Just before finding element: By.xpath: //button[contains(text(),'Home, Furniture & Office')] on browser: ChromeDriver: chrome on WINDOWS (55d3ed1784ec0d654b8380263ae90253)
2020-Jun-25 12:13:22,119 [main] resonancia.bestbuy.maindata.TestBase 
  INFO  Just after finding element: By.xpath: //button[contains(text(),'Home, Furniture & Office')] inside [[ChromeDriver: chrome on WINDOWS (55d3ed1784ec0d654b8380263ae90253)] -> xpath: //button[contains(text(),'Home, Furniture & Office')]] Web element on browser: ChromeDriver: chrome on WINDOWS (55d3ed1784ec0d654b8380263ae90253)
2020-Jun-25 12:13:22,195 [main] resonancia.bestbuy.maindata.TestBase 
  INFO  Trying to click on Home, Furniture & Office button
2020-Jun-25 12:13:22,485 [main] resonancia.bestbuy.maindata.TestBase 
  INFO  Just before finding element: By.xpath: //div[contains(text(),'Home')] on browser: ChromeDriver: chrome on WINDOWS (55d3ed1784ec0d654b8380263ae90253)
2020-Jun-25 12:13:22,523 [main] resonancia.bestbuy.maindata.TestBase 
  INFO  Just after finding element: By.xpath: //div[contains(text(),'Home')] inside [[ChromeDriver: chrome on WINDOWS (55d3ed1784ec0d654b8380263ae90253)] -> xpath: //div[contains(text(),'Home')]] Web element on browser: ChromeDriver: chrome on WINDOWS (55d3ed1784ec0d654b8380263ae90253)
2020-Jun-25 12:13:22,956 [main] resonancia.bestbuy.maindata.TestBase 
  INFO  Trying to click on Home div
2020-Jun-25 12:13:26,819 [main] resonancia.bestbuy.maindata.TestBase 
  INFO  Just before finding element: By.xpath: //li[contains(@class,'item-child-menu')]//a[contains(text(),'Vacuum Cleaners & Floor Care')] on browser: ChromeDriver: chrome on WINDOWS (55d3ed1784ec0d654b8380263ae90253)
2020-Jun-25 12:13:26,866 [main] resonancia.bestbuy.maindata.TestBase 
  INFO  Just after finding element: By.xpath: //li[contains(@class,'item-child-menu')]//a[contains(text(),'Vacuum Cleaners & Floor Care')] inside [[ChromeDriver: chrome on WINDOWS (55d3ed1784ec0d654b8380263ae90253)] -> xpath: //li[contains(@class,'item-child-menu')]//a[contains(text(),'Vacuum Cleaners & Floor Care')]] Web element on browser: ChromeDriver: chrome on WINDOWS (55d3ed1784ec0d654b8380263ae90253)
2020-Jun-25 12:13:26,953 [main] resonancia.bestbuy.maindata.TestBase 
  INFO  Trying to click on Vacuum Cleaners & Floor Care a
2020-Jun-25 12:13:31,757 [main] resonancia.bestbuy.maindata.TestBase 
  INFO  Just before finding element: By.xpath: //a[contains(text(),'Pet Vacuums')] on browser: ChromeDriver: chrome on WINDOWS (55d3ed1784ec0d654b8380263ae90253)
2020-Jun-25 12:13:32,352 [main] resonancia.bestbuy.maindata.TestBase 
  INFO  Just after finding element: By.xpath: //a[contains(text(),'Pet Vacuums')] inside [[ChromeDriver: chrome on WINDOWS (55d3ed1784ec0d654b8380263ae90253)] -> xpath: //a[contains(text(),'Pet Vacuums')]] Web element on browser: ChromeDriver: chrome on WINDOWS (55d3ed1784ec0d654b8380263ae90253)
2020-Jun-25 12:13:32,449 [main] resonancia.bestbuy.maindata.TestBase 
  INFO  Trying to click on Pet Vacuums a
2020-Jun-25 12:13:45,861 [main] resonancia.bestbuy.maindata.TestBase 
  INFO  Just before finding element: By.xpath: //span[@class='item-count'] on browser: ChromeDriver: chrome on WINDOWS (55d3ed1784ec0d654b8380263ae90253)
2020-Jun-25 12:13:46,167 [main] resonancia.bestbuy.maindata.TestBase 
  INFO  Just after finding element: By.xpath: //span[@class='item-count'] inside [[ChromeDriver: chrome on WINDOWS (55d3ed1784ec0d654b8380263ae90253)] -> xpath: //span[@class='item-count']] Web element on browser: ChromeDriver: chrome on WINDOWS (55d3ed1784ec0d654b8380263ae90253)
2020-Jun-25 12:13:46,227 [main] resonancia.bestbuy.maindata.TestBase 
  INFO  Just before finding element: By.xpath: //div[@class='left-side']//span on browser: ChromeDriver: chrome on WINDOWS (55d3ed1784ec0d654b8380263ae90253)
2020-Jun-25 12:13:46,432 [main] resonancia.bestbuy.maindata.TestBase 
  INFO  Just after finding element: By.xpath: //div[@class='left-side']//span inside [[ChromeDriver: chrome on WINDOWS (55d3ed1784ec0d654b8380263ae90253)] -> xpath: //div[@class='left-side']//span] Web element on browser: ChromeDriver: chrome on WINDOWS (55d3ed1784ec0d654b8380263ae90253)
2020-Jun-25 12:13:46,641 [main] resonancia.bestbuy.maindata.TestBase 
  INFO  Just before finding element: By.xpath: //div[@class='left-side']//span on browser: ChromeDriver: chrome on WINDOWS (55d3ed1784ec0d654b8380263ae90253)
2020-Jun-25 12:13:46,677 [main] resonancia.bestbuy.maindata.TestBase 
  INFO  Just after finding element: By.xpath: //div[@class='left-side']//span inside [[ChromeDriver: chrome on WINDOWS (55d3ed1784ec0d654b8380263ae90253)] -> xpath: //div[@class='left-side']//span] Web element on browser: ChromeDriver: chrome on WINDOWS (55d3ed1784ec0d654b8380263ae90253)
2020-Jun-25 12:13:46,714 [main] resonancia.bestbuy.maindata.TestBase 
  INFO  Just before finding element: By.xpath: //button[contains(text(),'Products')] on browser: ChromeDriver: chrome on WINDOWS (55d3ed1784ec0d654b8380263ae90253)
2020-Jun-25 12:13:46,742 [main] resonancia.bestbuy.maindata.TestBase 
  INFO  Just after finding element: By.xpath: //button[contains(text(),'Products')] inside [[ChromeDriver: chrome on WINDOWS (55d3ed1784ec0d654b8380263ae90253)] -> xpath: //button[contains(text(),'Products')]] Web element on browser: ChromeDriver: chrome on WINDOWS (55d3ed1784ec0d654b8380263ae90253)
2020-Jun-25 12:13:46,975 [main] resonancia.bestbuy.maindata.TestBase 
  INFO  Trying to click on Products button
2020-Jun-25 12:13:47,459 [main] resonancia.bestbuy.maindata.TestBase 
  INFO  Just before finding element: By.xpath: //button[contains(text(),'Home, Furniture & Office')] on browser: ChromeDriver: chrome on WINDOWS (55d3ed1784ec0d654b8380263ae90253)
2020-Jun-25 12:13:47,651 [main] resonancia.bestbuy.maindata.TestBase 
  INFO  Just after finding element: By.xpath: //button[contains(text(),'Home, Furniture & Office')] inside [[ChromeDriver: chrome on WINDOWS (55d3ed1784ec0d654b8380263ae90253)] -> xpath: //button[contains(text(),'Home, Furniture & Office')]] Web element on browser: ChromeDriver: chrome on WINDOWS (55d3ed1784ec0d654b8380263ae90253)
2020-Jun-25 12:13:47,728 [main] resonancia.bestbuy.maindata.TestBase 
  INFO  Trying to click on Home, Furniture & Office button
2020-Jun-25 12:13:48,064 [main] resonancia.bestbuy.maindata.TestBase 
  INFO  Just before finding element: By.xpath: //div[contains(text(),'Home')] on browser: ChromeDriver: chrome on WINDOWS (55d3ed1784ec0d654b8380263ae90253)
2020-Jun-25 12:13:48,375 [main] resonancia.bestbuy.maindata.TestBase 
  INFO  Just after finding element: By.xpath: //div[contains(text(),'Home')] inside [[ChromeDriver: chrome on WINDOWS (55d3ed1784ec0d654b8380263ae90253)] -> xpath: //div[contains(text(),'Home')]] Web element on browser: ChromeDriver: chrome on WINDOWS (55d3ed1784ec0d654b8380263ae90253)
2020-Jun-25 12:13:48,458 [main] resonancia.bestbuy.maindata.TestBase 
  INFO  Trying to click on Home div
2020-Jun-25 12:13:50,671 [main] resonancia.bestbuy.maindata.TestBase 
  INFO  Just before finding element: By.xpath: //li[contains(@class,'item-child-menu')]//a[contains(text(),'Vacuum Cleaners & Floor Care')] on browser: ChromeDriver: chrome on WINDOWS (55d3ed1784ec0d654b8380263ae90253)
2020-Jun-25 12:13:50,757 [main] resonancia.bestbuy.maindata.TestBase 
  INFO  Just after finding element: By.xpath: //li[contains(@class,'item-child-menu')]//a[contains(text(),'Vacuum Cleaners & Floor Care')] inside [[ChromeDriver: chrome on WINDOWS (55d3ed1784ec0d654b8380263ae90253)] -> xpath: //li[contains(@class,'item-child-menu')]//a[contains(text(),'Vacuum Cleaners & Floor Care')]] Web element on browser: ChromeDriver: chrome on WINDOWS (55d3ed1784ec0d654b8380263ae90253)
2020-Jun-25 12:13:50,835 [main] resonancia.bestbuy.maindata.TestBase 
  INFO  Trying to click on Vacuum Cleaners & Floor Care a
2020-Jun-25 12:13:51,905 [main] resonancia.bestbuy.maindata.TestBase 
  INFO  Just before finding element: By.xpath: //a[contains(text(),'Commercial & Garage Vacuums')] on browser: ChromeDriver: chrome on WINDOWS (55d3ed1784ec0d654b8380263ae90253)
2020-Jun-25 12:13:53,149 [main] resonancia.bestbuy.maindata.TestBase 
  INFO  Just after finding element: By.xpath: //a[contains(text(),'Commercial & Garage Vacuums')] inside [[ChromeDriver: chrome on WINDOWS (55d3ed1784ec0d654b8380263ae90253)] -> xpath: //a[contains(text(),'Commercial & Garage Vacuums')]] Web element on browser: ChromeDriver: chrome on WINDOWS (55d3ed1784ec0d654b8380263ae90253)
2020-Jun-25 12:13:54,061 [main] resonancia.bestbuy.maindata.TestBase 
  INFO  Just before finding element: By.xpath: //button[contains(text(),'Products')] on browser: ChromeDriver: chrome on WINDOWS (55d3ed1784ec0d654b8380263ae90253)
2020-Jun-25 12:13:54,439 [main] resonancia.bestbuy.maindata.TestBase 
  INFO  Just after finding element: By.xpath: //button[contains(text(),'Products')] inside [[ChromeDriver: chrome on WINDOWS (55d3ed1784ec0d654b8380263ae90253)] -> xpath: //button[contains(text(),'Products')]] Web element on browser: ChromeDriver: chrome on WINDOWS (55d3ed1784ec0d654b8380263ae90253)
2020-Jun-25 12:13:55,119 [main] resonancia.bestbuy.maindata.TestBase 
  INFO  Trying to click on Products button
2020-Jun-25 12:13:55,555 [main] resonancia.bestbuy.maindata.TestBase 
  INFO  Just before finding element: By.xpath: //button[contains(text(),'Home, Furniture & Office')] on browser: ChromeDriver: chrome on WINDOWS (55d3ed1784ec0d654b8380263ae90253)
2020-Jun-25 12:13:55,696 [main] resonancia.bestbuy.maindata.TestBase 
  INFO  Just after finding element: By.xpath: //button[contains(text(),'Home, Furniture & Office')] inside [[ChromeDriver: chrome on WINDOWS (55d3ed1784ec0d654b8380263ae90253)] -> xpath: //button[contains(text(),'Home, Furniture & Office')]] Web element on browser: ChromeDriver: chrome on WINDOWS (55d3ed1784ec0d654b8380263ae90253)
2020-Jun-25 12:13:55,823 [main] resonancia.bestbuy.maindata.TestBase 
  INFO  Trying to click on Home, Furniture & Office button
2020-Jun-25 12:13:56,180 [main] resonancia.bestbuy.maindata.TestBase 
  INFO  Just before finding element: By.xpath: //div[contains(text(),'Home')] on browser: ChromeDriver: chrome on WINDOWS (55d3ed1784ec0d654b8380263ae90253)
2020-Jun-25 12:13:56,244 [main] resonancia.bestbuy.maindata.TestBase 
  INFO  Just after finding element: By.xpath: //div[contains(text(),'Home')] inside [[ChromeDriver: chrome on WINDOWS (55d3ed1784ec0d654b8380263ae90253)] -> xpath: //div[contains(text(),'Home')]] Web element on browser: ChromeDriver: chrome on WINDOWS (55d3ed1784ec0d654b8380263ae90253)
2020-Jun-25 12:13:56,306 [main] resonancia.bestbuy.maindata.TestBase 
  INFO  Trying to click on Home div
2020-Jun-25 12:13:56,531 [main] resonancia.bestbuy.maindata.TestBase 
  INFO  Just before finding element: By.xpath: //li[contains(@class,'item-child-menu')]//a[contains(text(),'Vacuum Cleaners & Floor Care')] on browser: ChromeDriver: chrome on WINDOWS (55d3ed1784ec0d654b8380263ae90253)
2020-Jun-25 12:13:56,576 [main] resonancia.bestbuy.maindata.TestBase 
  INFO  Just after finding element: By.xpath: //li[contains(@class,'item-child-menu')]//a[contains(text(),'Vacuum Cleaners & Floor Care')] inside [[ChromeDriver: chrome on WINDOWS (55d3ed1784ec0d654b8380263ae90253)] -> xpath: //li[contains(@class,'item-child-menu')]//a[contains(text(),'Vacuum Cleaners & Floor Care')]] Web element on browser: ChromeDriver: chrome on WINDOWS (55d3ed1784ec0d654b8380263ae90253)
2020-Jun-25 12:13:56,623 [main] resonancia.bestbuy.maindata.TestBase 
  INFO  Trying to click on Vacuum Cleaners & Floor Care a
