2020-Jun-25 11:56:20,137 [main] resonancia.bestbuy.maindata.TestBase 
  INFO  Configuration file loaded
2020-Jun-25 11:56:27,048 [main] resonancia.bestbuy.maindata.TestBase 
  INFO  Chrome launched
2020-Jun-25 11:56:31,321 [main] resonancia.bestbuy.maindata.TestBase 
  INFO  Url https://www.bestbuy.com/ opened
2020-Jun-25 11:56:39,284 [main] resonancia.bestbuy.maindata.TestBase 
  INFO  Configuration file loaded
2020-Jun-25 11:56:39,285 [main] resonancia.bestbuy.maindata.TestBase 
  INFO  Just before finding element: By.xpath: //div[@lang="en"]//div[@class="country-selection"]//a[@class="us-link"] on browser: ChromeDriver: chrome on WINDOWS (b7807e128c83f15ccb503de9889ad39d)
2020-Jun-25 11:56:39,326 [main] resonancia.bestbuy.maindata.TestBase 
  INFO  Just after finding element: By.xpath: //div[@lang="en"]//div[@class="country-selection"]//a[@class="us-link"] inside [[ChromeDriver: chrome on WINDOWS (b7807e128c83f15ccb503de9889ad39d)] -> xpath: //div[@lang="en"]//div[@class="country-selection"]//a[@class="us-link"]] Web element on browser: ChromeDriver: chrome on WINDOWS (b7807e128c83f15ccb503de9889ad39d)
2020-Jun-25 11:56:39,459 [main] resonancia.bestbuy.maindata.TestBase 
  INFO  Trying to click on United States a
2020-Jun-25 11:56:56,593 [main] resonancia.bestbuy.maindata.TestBase 
  INFO  Just before finding element: By.xpath: //button[@class="c-close-icon  c-modal-close-icon"] on browser: ChromeDriver: chrome on WINDOWS (b7807e128c83f15ccb503de9889ad39d)
2020-Jun-25 11:56:57,440 [main] resonancia.bestbuy.maindata.TestBase 
  INFO  Just after finding element: By.xpath: //button[@class="c-close-icon  c-modal-close-icon"] inside [[ChromeDriver: chrome on WINDOWS (b7807e128c83f15ccb503de9889ad39d)] -> xpath: //button[@class="c-close-icon  c-modal-close-icon"]] Web element on browser: ChromeDriver: chrome on WINDOWS (b7807e128c83f15ccb503de9889ad39d)
2020-Jun-25 11:56:57,663 [main] resonancia.bestbuy.maindata.TestBase 
  INFO  Trying to click on Close button
2020-Jun-25 11:56:58,461 [main] resonancia.bestbuy.maindata.TestBase 
  INFO  Configuration file loaded
