2020-Jun-25 14:50:06,302 [main] resonancia.bestbuy.maindata.TestBase 
  INFO  Just before finding element: By.xpath: //span[@class='item-count'] on browser: ChromeDriver: chrome on WINDOWS (596d5f177b267bf7a90da266ce723805)
2020-Jun-25 14:50:07,821 [main] resonancia.bestbuy.maindata.TestBase 
  INFO  Just after finding element: By.xpath: //span[@class='item-count'] inside [[ChromeDriver: chrome on WINDOWS (596d5f177b267bf7a90da266ce723805)] -> xpath: //span[@class='item-count']] Web element on browser: ChromeDriver: chrome on WINDOWS (596d5f177b267bf7a90da266ce723805)
2020-Jun-25 14:50:08,238 [main] resonancia.bestbuy.maindata.TestBase 
  INFO  Just before finding element: By.xpath: //div[@class='left-side']//span on browser: ChromeDriver: chrome on WINDOWS (596d5f177b267bf7a90da266ce723805)
2020-Jun-25 14:50:08,548 [main] resonancia.bestbuy.maindata.TestBase 
  INFO  Just after finding element: By.xpath: //div[@class='left-side']//span inside [[ChromeDriver: chrome on WINDOWS (596d5f177b267bf7a90da266ce723805)] -> xpath: //div[@class='left-side']//span] Web element on browser: ChromeDriver: chrome on WINDOWS (596d5f177b267bf7a90da266ce723805)
2020-Jun-25 14:50:08,886 [main] resonancia.bestbuy.maindata.TestBase 
  INFO  Just before finding element: By.xpath: //div[@class='left-side']//span on browser: ChromeDriver: chrome on WINDOWS (596d5f177b267bf7a90da266ce723805)
2020-Jun-25 14:50:08,947 [main] resonancia.bestbuy.maindata.TestBase 
  INFO  Just after finding element: By.xpath: //div[@class='left-side']//span inside [[ChromeDriver: chrome on WINDOWS (596d5f177b267bf7a90da266ce723805)] -> xpath: //div[@class='left-side']//span] Web element on browser: ChromeDriver: chrome on WINDOWS (596d5f177b267bf7a90da266ce723805)
2020-Jun-25 14:50:09,012 [main] resonancia.bestbuy.maindata.TestBase 
  INFO  Just before finding element: By.xpath: //button[contains(text(),'Products')] on browser: ChromeDriver: chrome on WINDOWS (596d5f177b267bf7a90da266ce723805)
2020-Jun-25 14:50:09,110 [main] resonancia.bestbuy.maindata.TestBase 
  INFO  Just after finding element: By.xpath: //button[contains(text(),'Products')] inside [[ChromeDriver: chrome on WINDOWS (596d5f177b267bf7a90da266ce723805)] -> xpath: //button[contains(text(),'Products')]] Web element on browser: ChromeDriver: chrome on WINDOWS (596d5f177b267bf7a90da266ce723805)
2020-Jun-25 14:50:09,246 [main] resonancia.bestbuy.maindata.TestBase 
  INFO  Trying to click on Products button
2020-Jun-25 14:50:13,185 [main] resonancia.bestbuy.maindata.TestBase 
  INFO  Just before finding element: By.xpath: //button[contains(text(),'Home, Furniture & Office')] on browser: ChromeDriver: chrome on WINDOWS (596d5f177b267bf7a90da266ce723805)
2020-Jun-25 14:50:14,313 [main] resonancia.bestbuy.maindata.TestBase 
  INFO  Just after finding element: By.xpath: //button[contains(text(),'Home, Furniture & Office')] inside [[ChromeDriver: chrome on WINDOWS (596d5f177b267bf7a90da266ce723805)] -> xpath: //button[contains(text(),'Home, Furniture & Office')]] Web element on browser: ChromeDriver: chrome on WINDOWS (596d5f177b267bf7a90da266ce723805)
2020-Jun-25 14:50:15,149 [main] resonancia.bestbuy.maindata.TestBase 
  INFO  Trying to click on Home, Furniture & Office button
2020-Jun-25 14:50:15,552 [main] resonancia.bestbuy.maindata.TestBase 
  INFO  Just before finding element: By.xpath: //div[contains(text(),'Home')] on browser: ChromeDriver: chrome on WINDOWS (596d5f177b267bf7a90da266ce723805)
2020-Jun-25 14:50:15,595 [main] resonancia.bestbuy.maindata.TestBase 
  INFO  Just after finding element: By.xpath: //div[contains(text(),'Home')] inside [[ChromeDriver: chrome on WINDOWS (596d5f177b267bf7a90da266ce723805)] -> xpath: //div[contains(text(),'Home')]] Web element on browser: ChromeDriver: chrome on WINDOWS (596d5f177b267bf7a90da266ce723805)
2020-Jun-25 14:50:15,696 [main] resonancia.bestbuy.maindata.TestBase 
  INFO  Trying to click on Home div
2020-Jun-25 14:50:16,039 [main] resonancia.bestbuy.maindata.TestBase 
  INFO  Just before finding element: By.xpath: //li[contains(@class,'item-child-menu')]//a[contains(text(),'Vacuum Cleaners & Floor Care')] on browser: ChromeDriver: chrome on WINDOWS (596d5f177b267bf7a90da266ce723805)
2020-Jun-25 14:50:16,081 [main] resonancia.bestbuy.maindata.TestBase 
  INFO  Just after finding element: By.xpath: //li[contains(@class,'item-child-menu')]//a[contains(text(),'Vacuum Cleaners & Floor Care')] inside [[ChromeDriver: chrome on WINDOWS (596d5f177b267bf7a90da266ce723805)] -> xpath: //li[contains(@class,'item-child-menu')]//a[contains(text(),'Vacuum Cleaners & Floor Care')]] Web element on browser: ChromeDriver: chrome on WINDOWS (596d5f177b267bf7a90da266ce723805)
2020-Jun-25 14:50:16,147 [main] resonancia.bestbuy.maindata.TestBase 
  INFO  Trying to click on Vacuum Cleaners & Floor Care a
2020-Jun-25 14:50:22,823 [main] resonancia.bestbuy.maindata.TestBase 
  INFO  Just before finding element: By.xpath: //a[contains(text(),'Cordless Vacuums')] on browser: ChromeDriver: chrome on WINDOWS (596d5f177b267bf7a90da266ce723805)
2020-Jun-25 14:50:23,264 [main] resonancia.bestbuy.maindata.TestBase 
  INFO  Just after finding element: By.xpath: //a[contains(text(),'Cordless Vacuums')] inside [[ChromeDriver: chrome on WINDOWS (596d5f177b267bf7a90da266ce723805)] -> xpath: //a[contains(text(),'Cordless Vacuums')]] Web element on browser: ChromeDriver: chrome on WINDOWS (596d5f177b267bf7a90da266ce723805)
2020-Jun-25 14:50:23,655 [main] resonancia.bestbuy.maindata.TestBase 
  INFO  Trying to click on Cordless Vacuums a
2020-Jun-25 14:50:41,346 [main] resonancia.bestbuy.maindata.TestBase 
  INFO  Just before finding element: By.xpath: //span[@class='item-count'] on browser: ChromeDriver: chrome on WINDOWS (596d5f177b267bf7a90da266ce723805)
2020-Jun-25 14:50:41,937 [main] resonancia.bestbuy.maindata.TestBase 
  INFO  Just after finding element: By.xpath: //span[@class='item-count'] inside [[ChromeDriver: chrome on WINDOWS (596d5f177b267bf7a90da266ce723805)] -> xpath: //span[@class='item-count']] Web element on browser: ChromeDriver: chrome on WINDOWS (596d5f177b267bf7a90da266ce723805)
2020-Jun-25 14:50:42,009 [main] resonancia.bestbuy.maindata.TestBase 
  INFO  Just before finding element: By.xpath: //div[@class='left-side']//span on browser: ChromeDriver: chrome on WINDOWS (596d5f177b267bf7a90da266ce723805)
2020-Jun-25 14:50:42,088 [main] resonancia.bestbuy.maindata.TestBase 
  INFO  Just after finding element: By.xpath: //div[@class='left-side']//span inside [[ChromeDriver: chrome on WINDOWS (596d5f177b267bf7a90da266ce723805)] -> xpath: //div[@class='left-side']//span] Web element on browser: ChromeDriver: chrome on WINDOWS (596d5f177b267bf7a90da266ce723805)
2020-Jun-25 14:50:42,155 [main] resonancia.bestbuy.maindata.TestBase 
  INFO  Just before finding element: By.xpath: //div[@class='left-side']//span on browser: ChromeDriver: chrome on WINDOWS (596d5f177b267bf7a90da266ce723805)
2020-Jun-25 14:50:42,351 [main] resonancia.bestbuy.maindata.TestBase 
  INFO  Just after finding element: By.xpath: //div[@class='left-side']//span inside [[ChromeDriver: chrome on WINDOWS (596d5f177b267bf7a90da266ce723805)] -> xpath: //div[@class='left-side']//span] Web element on browser: ChromeDriver: chrome on WINDOWS (596d5f177b267bf7a90da266ce723805)
2020-Jun-25 14:50:42,421 [main] resonancia.bestbuy.maindata.TestBase 
  INFO  Just before finding element: By.xpath: //button[contains(text(),'Products')] on browser: ChromeDriver: chrome on WINDOWS (596d5f177b267bf7a90da266ce723805)
2020-Jun-25 14:50:42,552 [main] resonancia.bestbuy.maindata.TestBase 
  INFO  Just after finding element: By.xpath: //button[contains(text(),'Products')] inside [[ChromeDriver: chrome on WINDOWS (596d5f177b267bf7a90da266ce723805)] -> xpath: //button[contains(text(),'Products')]] Web element on browser: ChromeDriver: chrome on WINDOWS (596d5f177b267bf7a90da266ce723805)
2020-Jun-25 14:50:42,896 [main] resonancia.bestbuy.maindata.TestBase 
  INFO  Trying to click on Products button
2020-Jun-25 14:50:43,934 [main] resonancia.bestbuy.maindata.TestBase 
  INFO  Just before finding element: By.xpath: //button[contains(text(),'Home, Furniture & Office')] on browser: ChromeDriver: chrome on WINDOWS (596d5f177b267bf7a90da266ce723805)
2020-Jun-25 14:50:44,568 [main] resonancia.bestbuy.maindata.TestBase 
  INFO  Just after finding element: By.xpath: //button[contains(text(),'Home, Furniture & Office')] inside [[ChromeDriver: chrome on WINDOWS (596d5f177b267bf7a90da266ce723805)] -> xpath: //button[contains(text(),'Home, Furniture & Office')]] Web element on browser: ChromeDriver: chrome on WINDOWS (596d5f177b267bf7a90da266ce723805)
2020-Jun-25 14:50:44,685 [main] resonancia.bestbuy.maindata.TestBase 
  INFO  Trying to click on Home, Furniture & Office button
2020-Jun-25 14:50:45,158 [main] resonancia.bestbuy.maindata.TestBase 
  INFO  Just before finding element: By.xpath: //div[contains(text(),'Home')] on browser: ChromeDriver: chrome on WINDOWS (596d5f177b267bf7a90da266ce723805)
2020-Jun-25 14:50:45,197 [main] resonancia.bestbuy.maindata.TestBase 
  INFO  Just after finding element: By.xpath: //div[contains(text(),'Home')] inside [[ChromeDriver: chrome on WINDOWS (596d5f177b267bf7a90da266ce723805)] -> xpath: //div[contains(text(),'Home')]] Web element on browser: ChromeDriver: chrome on WINDOWS (596d5f177b267bf7a90da266ce723805)
2020-Jun-25 14:50:50,886 [main] resonancia.bestbuy.maindata.TestBase 
  INFO  Trying to click on Home div
2020-Jun-25 14:50:52,386 [main] resonancia.bestbuy.maindata.TestBase 
  INFO  Just before finding element: By.xpath: //li[contains(@class,'item-child-menu')]//a[contains(text(),'Vacuum Cleaners & Floor Care')] on browser: ChromeDriver: chrome on WINDOWS (596d5f177b267bf7a90da266ce723805)
2020-Jun-25 14:50:52,463 [main] resonancia.bestbuy.maindata.TestBase 
  INFO  Just after finding element: By.xpath: //li[contains(@class,'item-child-menu')]//a[contains(text(),'Vacuum Cleaners & Floor Care')] inside [[ChromeDriver: chrome on WINDOWS (596d5f177b267bf7a90da266ce723805)] -> xpath: //li[contains(@class,'item-child-menu')]//a[contains(text(),'Vacuum Cleaners & Floor Care')]] Web element on browser: ChromeDriver: chrome on WINDOWS (596d5f177b267bf7a90da266ce723805)
2020-Jun-25 14:50:52,535 [main] resonancia.bestbuy.maindata.TestBase 
  INFO  Trying to click on Vacuum Cleaners & Floor Care a
2020-Jun-25 14:50:59,649 [main] resonancia.bestbuy.maindata.TestBase 
  INFO  Just before finding element: By.xpath: //a[contains(text(),'Handheld & Stick Vacuums')] on browser: ChromeDriver: chrome on WINDOWS (596d5f177b267bf7a90da266ce723805)
