2020-Jun-25 15:25:01,584 [main] resonancia.bestbuy.maindata.TestBase 
  INFO  Trying to click on Vacuum Cleaners & Floor Care a
2020-Jun-25 15:25:01,988 [main] resonancia.bestbuy.maindata.TestBase 
  INFO  Just before finding element: By.xpath: //a[contains(text(),'Cordless Vacuums')] on browser: ChromeDriver: chrome on WINDOWS (6480bfd5ea27b5ede8769f23d4df9ec7)
2020-Jun-25 15:25:07,913 [main] resonancia.bestbuy.maindata.TestBase 
  INFO  Just after finding element: By.xpath: //a[contains(text(),'Cordless Vacuums')] inside [[ChromeDriver: chrome on WINDOWS (6480bfd5ea27b5ede8769f23d4df9ec7)] -> xpath: //a[contains(text(),'Cordless Vacuums')]] Web element on browser: ChromeDriver: chrome on WINDOWS (6480bfd5ea27b5ede8769f23d4df9ec7)
2020-Jun-25 15:25:08,018 [main] resonancia.bestbuy.maindata.TestBase 
  INFO  Trying to click on Cordless Vacuums a
2020-Jun-25 15:25:12,003 [main] resonancia.bestbuy.maindata.TestBase 
  INFO  Just before finding element: By.xpath: //span[@class='item-count'] on browser: ChromeDriver: chrome on WINDOWS (6480bfd5ea27b5ede8769f23d4df9ec7)
2020-Jun-25 15:25:15,031 [main] resonancia.bestbuy.maindata.TestBase 
  INFO  Just after finding element: By.xpath: //span[@class='item-count'] inside [[ChromeDriver: chrome on WINDOWS (6480bfd5ea27b5ede8769f23d4df9ec7)] -> xpath: //span[@class='item-count']] Web element on browser: ChromeDriver: chrome on WINDOWS (6480bfd5ea27b5ede8769f23d4df9ec7)
2020-Jun-25 15:25:15,664 [main] resonancia.bestbuy.maindata.TestBase 
  INFO  Just before finding element: By.xpath: //div[@class='left-side']//span on browser: ChromeDriver: chrome on WINDOWS (6480bfd5ea27b5ede8769f23d4df9ec7)
2020-Jun-25 15:25:22,659 [main] resonancia.bestbuy.maindata.TestBase 
  INFO  Just after finding element: By.xpath: //div[@class='left-side']//span inside [[ChromeDriver: chrome on WINDOWS (6480bfd5ea27b5ede8769f23d4df9ec7)] -> xpath: //div[@class='left-side']//span] Web element on browser: ChromeDriver: chrome on WINDOWS (6480bfd5ea27b5ede8769f23d4df9ec7)
2020-Jun-25 15:25:24,133 [main] resonancia.bestbuy.maindata.TestBase 
  INFO  Just before finding element: By.xpath: //div[@class='left-side']//span on browser: ChromeDriver: chrome on WINDOWS (6480bfd5ea27b5ede8769f23d4df9ec7)
2020-Jun-25 15:25:30,051 [main] resonancia.bestbuy.maindata.TestBase 
  INFO  Just after finding element: By.xpath: //div[@class='left-side']//span inside [[ChromeDriver: chrome on WINDOWS (6480bfd5ea27b5ede8769f23d4df9ec7)] -> xpath: //div[@class='left-side']//span] Web element on browser: ChromeDriver: chrome on WINDOWS (6480bfd5ea27b5ede8769f23d4df9ec7)
2020-Jun-25 15:25:31,927 [main] resonancia.bestbuy.maindata.TestBase 
  INFO  Just before finding element: By.xpath: //button[contains(text(),'Products')] on browser: ChromeDriver: chrome on WINDOWS (6480bfd5ea27b5ede8769f23d4df9ec7)
2020-Jun-25 15:25:33,149 [main] resonancia.bestbuy.maindata.TestBase 
  INFO  Just after finding element: By.xpath: //button[contains(text(),'Products')] inside [[ChromeDriver: chrome on WINDOWS (6480bfd5ea27b5ede8769f23d4df9ec7)] -> xpath: //button[contains(text(),'Products')]] Web element on browser: ChromeDriver: chrome on WINDOWS (6480bfd5ea27b5ede8769f23d4df9ec7)
2020-Jun-25 15:25:35,232 [main] resonancia.bestbuy.maindata.TestBase 
  INFO  Trying to click on Products button
2020-Jun-25 15:25:35,973 [main] resonancia.bestbuy.maindata.TestBase 
  INFO  Just before finding element: By.xpath: //button[contains(text(),'Home, Furniture & Office')] on browser: ChromeDriver: chrome on WINDOWS (6480bfd5ea27b5ede8769f23d4df9ec7)
2020-Jun-25 15:25:36,359 [main] resonancia.bestbuy.maindata.TestBase 
  INFO  Just after finding element: By.xpath: //button[contains(text(),'Home, Furniture & Office')] inside [[ChromeDriver: chrome on WINDOWS (6480bfd5ea27b5ede8769f23d4df9ec7)] -> xpath: //button[contains(text(),'Home, Furniture & Office')]] Web element on browser: ChromeDriver: chrome on WINDOWS (6480bfd5ea27b5ede8769f23d4df9ec7)
2020-Jun-25 15:25:36,797 [main] resonancia.bestbuy.maindata.TestBase 
  INFO  Trying to click on Home, Furniture & Office button
2020-Jun-25 15:25:38,923 [main] resonancia.bestbuy.maindata.TestBase 
  INFO  Just before finding element: By.xpath: //div[contains(text(),'Home')] on browser: ChromeDriver: chrome on WINDOWS (6480bfd5ea27b5ede8769f23d4df9ec7)
2020-Jun-25 15:25:42,477 [main] resonancia.bestbuy.maindata.TestBase 
  INFO  Just after finding element: By.xpath: //div[contains(text(),'Home')] inside [[ChromeDriver: chrome on WINDOWS (6480bfd5ea27b5ede8769f23d4df9ec7)] -> xpath: //div[contains(text(),'Home')]] Web element on browser: ChromeDriver: chrome on WINDOWS (6480bfd5ea27b5ede8769f23d4df9ec7)
2020-Jun-25 15:25:42,566 [main] resonancia.bestbuy.maindata.TestBase 
  INFO  Trying to click on Home div
2020-Jun-25 15:25:42,990 [main] resonancia.bestbuy.maindata.TestBase 
  INFO  Just before finding element: By.xpath: //li[contains(@class,'item-child-menu')]//a[contains(text(),'Vacuum Cleaners & Floor Care')] on browser: ChromeDriver: chrome on WINDOWS (6480bfd5ea27b5ede8769f23d4df9ec7)
2020-Jun-25 15:25:43,044 [main] resonancia.bestbuy.maindata.TestBase 
  INFO  Just after finding element: By.xpath: //li[contains(@class,'item-child-menu')]//a[contains(text(),'Vacuum Cleaners & Floor Care')] inside [[ChromeDriver: chrome on WINDOWS (6480bfd5ea27b5ede8769f23d4df9ec7)] -> xpath: //li[contains(@class,'item-child-menu')]//a[contains(text(),'Vacuum Cleaners & Floor Care')]] Web element on browser: ChromeDriver: chrome on WINDOWS (6480bfd5ea27b5ede8769f23d4df9ec7)
2020-Jun-25 15:25:43,121 [main] resonancia.bestbuy.maindata.TestBase 
  INFO  Trying to click on Vacuum Cleaners & Floor Care a
2020-Jun-25 15:25:49,944 [main] resonancia.bestbuy.maindata.TestBase 
  INFO  Just before finding element: By.xpath: //a[contains(text(),'Handheld & Stick Vacuums')] on browser: ChromeDriver: chrome on WINDOWS (6480bfd5ea27b5ede8769f23d4df9ec7)
2020-Jun-25 15:25:50,812 [main] resonancia.bestbuy.maindata.TestBase 
  INFO  Just after finding element: By.xpath: //a[contains(text(),'Handheld & Stick Vacuums')] inside [[ChromeDriver: chrome on WINDOWS (6480bfd5ea27b5ede8769f23d4df9ec7)] -> xpath: //a[contains(text(),'Handheld & Stick Vacuums')]] Web element on browser: ChromeDriver: chrome on WINDOWS (6480bfd5ea27b5ede8769f23d4df9ec7)
2020-Jun-25 15:25:51,017 [main] resonancia.bestbuy.maindata.TestBase 
  INFO  Trying to click on Handheld & Stick Vacuums a
2020-Jun-25 15:25:55,789 [main] resonancia.bestbuy.maindata.TestBase 
  INFO  Just before finding element: By.xpath: //span[@class='item-count'] on browser: ChromeDriver: chrome on WINDOWS (6480bfd5ea27b5ede8769f23d4df9ec7)
