2020-Jun-25 15:14:17,377 [main] resonancia.bestbuy.maindata.TestBase 
  INFO  Just before finding element: By.xpath: //button[contains(text(),'Products')] on browser: ChromeDriver: chrome on WINDOWS (ecaa0aea90af56f7248bf25119380dc7)
2020-Jun-25 15:14:17,487 [main] resonancia.bestbuy.maindata.TestBase 
  INFO  Just after finding element: By.xpath: //button[contains(text(),'Products')] inside [[ChromeDriver: chrome on WINDOWS (ecaa0aea90af56f7248bf25119380dc7)] -> xpath: //button[contains(text(),'Products')]] Web element on browser: ChromeDriver: chrome on WINDOWS (ecaa0aea90af56f7248bf25119380dc7)
2020-Jun-25 15:14:17,679 [main] resonancia.bestbuy.maindata.TestBase 
  INFO  Trying to click on Products button
2020-Jun-25 15:14:18,568 [main] resonancia.bestbuy.maindata.TestBase 
  INFO  Just before finding element: By.xpath: //button[contains(text(),'Home, Furniture & Office')] on browser: ChromeDriver: chrome on WINDOWS (ecaa0aea90af56f7248bf25119380dc7)
2020-Jun-25 15:14:38,740 [main] resonancia.bestbuy.maindata.TestBase 
  INFO  Just before finding element: By.xpath: //button[contains(text(),'Products')] on browser: ChromeDriver: chrome on WINDOWS (ecaa0aea90af56f7248bf25119380dc7)
2020-Jun-25 15:14:38,877 [main] resonancia.bestbuy.maindata.TestBase 
  INFO  Just after finding element: By.xpath: //button[contains(text(),'Products')] inside [[ChromeDriver: chrome on WINDOWS (ecaa0aea90af56f7248bf25119380dc7)] -> xpath: //button[contains(text(),'Products')]] Web element on browser: ChromeDriver: chrome on WINDOWS (ecaa0aea90af56f7248bf25119380dc7)
2020-Jun-25 15:14:39,131 [main] resonancia.bestbuy.maindata.TestBase 
  INFO  Trying to click on Products button
2020-Jun-25 15:14:39,774 [main] resonancia.bestbuy.maindata.TestBase 
  INFO  Just before finding element: By.xpath: //button[contains(text(),'Home, Furniture & Office')] on browser: ChromeDriver: chrome on WINDOWS (ecaa0aea90af56f7248bf25119380dc7)
2020-Jun-25 15:14:39,923 [main] resonancia.bestbuy.maindata.TestBase 
  INFO  Just after finding element: By.xpath: //button[contains(text(),'Home, Furniture & Office')] inside [[ChromeDriver: chrome on WINDOWS (ecaa0aea90af56f7248bf25119380dc7)] -> xpath: //button[contains(text(),'Home, Furniture & Office')]] Web element on browser: ChromeDriver: chrome on WINDOWS (ecaa0aea90af56f7248bf25119380dc7)
2020-Jun-25 15:14:40,168 [main] resonancia.bestbuy.maindata.TestBase 
  INFO  Trying to click on Home, Furniture & Office button
2020-Jun-25 15:14:40,924 [main] resonancia.bestbuy.maindata.TestBase 
  INFO  Just before finding element: By.xpath: //div[contains(text(),'Home')] on browser: ChromeDriver: chrome on WINDOWS (ecaa0aea90af56f7248bf25119380dc7)
2020-Jun-25 15:14:41,121 [main] resonancia.bestbuy.maindata.TestBase 
  INFO  Just after finding element: By.xpath: //div[contains(text(),'Home')] inside [[ChromeDriver: chrome on WINDOWS (ecaa0aea90af56f7248bf25119380dc7)] -> xpath: //div[contains(text(),'Home')]] Web element on browser: ChromeDriver: chrome on WINDOWS (ecaa0aea90af56f7248bf25119380dc7)
2020-Jun-25 15:14:41,364 [main] resonancia.bestbuy.maindata.TestBase 
  INFO  Trying to click on Home div
2020-Jun-25 15:14:41,887 [main] resonancia.bestbuy.maindata.TestBase 
  INFO  Just before finding element: By.xpath: //a[contains(text(),'Robot Vacuums & Mops')] on browser: ChromeDriver: chrome on WINDOWS (ecaa0aea90af56f7248bf25119380dc7)
