2020-Jun-25 15:26:00,000 [main] resonancia.bestbuy.maindata.TestBase 
  INFO  Just after finding element: By.xpath: //span[@class='item-count'] inside [[ChromeDriver: chrome on WINDOWS (6480bfd5ea27b5ede8769f23d4df9ec7)] -> xpath: //span[@class='item-count']] Web element on browser: ChromeDriver: chrome on WINDOWS (6480bfd5ea27b5ede8769f23d4df9ec7)
2020-Jun-25 15:26:00,995 [main] resonancia.bestbuy.maindata.TestBase 
  INFO  Just before finding element: By.xpath: //div[@class='left-side']//span on browser: ChromeDriver: chrome on WINDOWS (6480bfd5ea27b5ede8769f23d4df9ec7)
2020-Jun-25 15:26:09,464 [main] resonancia.bestbuy.maindata.TestBase 
  INFO  Just after finding element: By.xpath: //div[@class='left-side']//span inside [[ChromeDriver: chrome on WINDOWS (6480bfd5ea27b5ede8769f23d4df9ec7)] -> xpath: //div[@class='left-side']//span] Web element on browser: ChromeDriver: chrome on WINDOWS (6480bfd5ea27b5ede8769f23d4df9ec7)
2020-Jun-25 15:26:13,938 [main] resonancia.bestbuy.maindata.TestBase 
  INFO  Just before finding element: By.xpath: //div[@class='left-side']//span on browser: ChromeDriver: chrome on WINDOWS (6480bfd5ea27b5ede8769f23d4df9ec7)
2020-Jun-25 15:26:15,394 [main] resonancia.bestbuy.maindata.TestBase 
  INFO  Just after finding element: By.xpath: //div[@class='left-side']//span inside [[ChromeDriver: chrome on WINDOWS (6480bfd5ea27b5ede8769f23d4df9ec7)] -> xpath: //div[@class='left-side']//span] Web element on browser: ChromeDriver: chrome on WINDOWS (6480bfd5ea27b5ede8769f23d4df9ec7)
2020-Jun-25 15:26:16,232 [main] resonancia.bestbuy.maindata.TestBase 
  INFO  Just before finding element: By.xpath: //button[contains(text(),'Products')] on browser: ChromeDriver: chrome on WINDOWS (6480bfd5ea27b5ede8769f23d4df9ec7)
2020-Jun-25 15:26:16,641 [main] resonancia.bestbuy.maindata.TestBase 
  INFO  Just after finding element: By.xpath: //button[contains(text(),'Products')] inside [[ChromeDriver: chrome on WINDOWS (6480bfd5ea27b5ede8769f23d4df9ec7)] -> xpath: //button[contains(text(),'Products')]] Web element on browser: ChromeDriver: chrome on WINDOWS (6480bfd5ea27b5ede8769f23d4df9ec7)
2020-Jun-25 15:26:17,824 [main] resonancia.bestbuy.maindata.TestBase 
  INFO  Trying to click on Products button
2020-Jun-25 15:26:18,501 [main] resonancia.bestbuy.maindata.TestBase 
  INFO  Just before finding element: By.xpath: //button[contains(text(),'Home, Furniture & Office')] on browser: ChromeDriver: chrome on WINDOWS (6480bfd5ea27b5ede8769f23d4df9ec7)
2020-Jun-25 15:26:18,686 [main] resonancia.bestbuy.maindata.TestBase 
  INFO  Just after finding element: By.xpath: //button[contains(text(),'Home, Furniture & Office')] inside [[ChromeDriver: chrome on WINDOWS (6480bfd5ea27b5ede8769f23d4df9ec7)] -> xpath: //button[contains(text(),'Home, Furniture & Office')]] Web element on browser: ChromeDriver: chrome on WINDOWS (6480bfd5ea27b5ede8769f23d4df9ec7)
2020-Jun-25 15:26:18,803 [main] resonancia.bestbuy.maindata.TestBase 
  INFO  Trying to click on Home, Furniture & Office button
2020-Jun-25 15:26:19,964 [main] resonancia.bestbuy.maindata.TestBase 
  INFO  Just before finding element: By.xpath: //div[contains(text(),'Home')] on browser: ChromeDriver: chrome on WINDOWS (6480bfd5ea27b5ede8769f23d4df9ec7)
2020-Jun-25 15:26:21,771 [main] resonancia.bestbuy.maindata.TestBase 
  INFO  Just after finding element: By.xpath: //div[contains(text(),'Home')] inside [[ChromeDriver: chrome on WINDOWS (6480bfd5ea27b5ede8769f23d4df9ec7)] -> xpath: //div[contains(text(),'Home')]] Web element on browser: ChromeDriver: chrome on WINDOWS (6480bfd5ea27b5ede8769f23d4df9ec7)
2020-Jun-25 15:26:22,081 [main] resonancia.bestbuy.maindata.TestBase 
  INFO  Trying to click on Home div
2020-Jun-25 15:26:22,462 [main] resonancia.bestbuy.maindata.TestBase 
  INFO  Just before finding element: By.xpath: //li[contains(@class,'item-child-menu')]//a[contains(text(),'Vacuum Cleaners & Floor Care')] on browser: ChromeDriver: chrome on WINDOWS (6480bfd5ea27b5ede8769f23d4df9ec7)
2020-Jun-25 15:26:22,519 [main] resonancia.bestbuy.maindata.TestBase 
  INFO  Just after finding element: By.xpath: //li[contains(@class,'item-child-menu')]//a[contains(text(),'Vacuum Cleaners & Floor Care')] inside [[ChromeDriver: chrome on WINDOWS (6480bfd5ea27b5ede8769f23d4df9ec7)] -> xpath: //li[contains(@class,'item-child-menu')]//a[contains(text(),'Vacuum Cleaners & Floor Care')]] Web element on browser: ChromeDriver: chrome on WINDOWS (6480bfd5ea27b5ede8769f23d4df9ec7)
2020-Jun-25 15:26:22,618 [main] resonancia.bestbuy.maindata.TestBase 
  INFO  Trying to click on Vacuum Cleaners & Floor Care a
2020-Jun-25 15:26:26,729 [main] resonancia.bestbuy.maindata.TestBase 
  INFO  Just before finding element: By.xpath: //a[contains(text(),'Robot Vacuums & Mops')] on browser: ChromeDriver: chrome on WINDOWS (6480bfd5ea27b5ede8769f23d4df9ec7)
2020-Jun-25 15:26:27,084 [main] resonancia.bestbuy.maindata.TestBase 
  INFO  Just after finding element: By.xpath: //a[contains(text(),'Robot Vacuums & Mops')] inside [[ChromeDriver: chrome on WINDOWS (6480bfd5ea27b5ede8769f23d4df9ec7)] -> xpath: //a[contains(text(),'Robot Vacuums & Mops')]] Web element on browser: ChromeDriver: chrome on WINDOWS (6480bfd5ea27b5ede8769f23d4df9ec7)
2020-Jun-25 15:26:27,107 [main] resonancia.bestbuy.maindata.TestBase 
  INFO  Trying to click on Robot Vacuums & Mops a
2020-Jun-25 15:26:31,307 [main] resonancia.bestbuy.maindata.TestBase 
  INFO  Just before finding element: By.xpath: //span[@class='item-count'] on browser: ChromeDriver: chrome on WINDOWS (6480bfd5ea27b5ede8769f23d4df9ec7)
2020-Jun-25 15:26:32,053 [main] resonancia.bestbuy.maindata.TestBase 
  INFO  Just after finding element: By.xpath: //span[@class='item-count'] inside [[ChromeDriver: chrome on WINDOWS (6480bfd5ea27b5ede8769f23d4df9ec7)] -> xpath: //span[@class='item-count']] Web element on browser: ChromeDriver: chrome on WINDOWS (6480bfd5ea27b5ede8769f23d4df9ec7)
2020-Jun-25 15:26:32,280 [main] resonancia.bestbuy.maindata.TestBase 
  INFO  Just before finding element: By.xpath: //div[@class='left-side']//span on browser: ChromeDriver: chrome on WINDOWS (6480bfd5ea27b5ede8769f23d4df9ec7)
2020-Jun-25 15:26:34,135 [main] resonancia.bestbuy.maindata.TestBase 
  INFO  Just after finding element: By.xpath: //div[@class='left-side']//span inside [[ChromeDriver: chrome on WINDOWS (6480bfd5ea27b5ede8769f23d4df9ec7)] -> xpath: //div[@class='left-side']//span] Web element on browser: ChromeDriver: chrome on WINDOWS (6480bfd5ea27b5ede8769f23d4df9ec7)
2020-Jun-25 15:26:34,784 [main] resonancia.bestbuy.maindata.TestBase 
  INFO  Just before finding element: By.xpath: //div[@class='left-side']//span on browser: ChromeDriver: chrome on WINDOWS (6480bfd5ea27b5ede8769f23d4df9ec7)
2020-Jun-25 15:26:35,691 [main] resonancia.bestbuy.maindata.TestBase 
  INFO  Just after finding element: By.xpath: //div[@class='left-side']//span inside [[ChromeDriver: chrome on WINDOWS (6480bfd5ea27b5ede8769f23d4df9ec7)] -> xpath: //div[@class='left-side']//span] Web element on browser: ChromeDriver: chrome on WINDOWS (6480bfd5ea27b5ede8769f23d4df9ec7)
2020-Jun-25 15:26:35,742 [main] resonancia.bestbuy.maindata.TestBase 
  INFO  Just before finding element: By.xpath: //button[contains(text(),'Products')] on browser: ChromeDriver: chrome on WINDOWS (6480bfd5ea27b5ede8769f23d4df9ec7)
2020-Jun-25 15:26:35,875 [main] resonancia.bestbuy.maindata.TestBase 
  INFO  Just after finding element: By.xpath: //button[contains(text(),'Products')] inside [[ChromeDriver: chrome on WINDOWS (6480bfd5ea27b5ede8769f23d4df9ec7)] -> xpath: //button[contains(text(),'Products')]] Web element on browser: ChromeDriver: chrome on WINDOWS (6480bfd5ea27b5ede8769f23d4df9ec7)
2020-Jun-25 15:26:36,020 [main] resonancia.bestbuy.maindata.TestBase 
  INFO  Trying to click on Products button
2020-Jun-25 15:26:36,200 [main] resonancia.bestbuy.maindata.TestBase 
  INFO  Just before finding element: By.xpath: //button[contains(text(),'Home, Furniture & Office')] on browser: ChromeDriver: chrome on WINDOWS (6480bfd5ea27b5ede8769f23d4df9ec7)
2020-Jun-25 15:26:36,273 [main] resonancia.bestbuy.maindata.TestBase 
  INFO  Just after finding element: By.xpath: //button[contains(text(),'Home, Furniture & Office')] inside [[ChromeDriver: chrome on WINDOWS (6480bfd5ea27b5ede8769f23d4df9ec7)] -> xpath: //button[contains(text(),'Home, Furniture & Office')]] Web element on browser: ChromeDriver: chrome on WINDOWS (6480bfd5ea27b5ede8769f23d4df9ec7)
2020-Jun-25 15:26:36,307 [main] resonancia.bestbuy.maindata.TestBase 
  INFO  Trying to click on Home, Furniture & Office button
2020-Jun-25 15:26:36,500 [main] resonancia.bestbuy.maindata.TestBase 
  INFO  Just before finding element: By.xpath: //div[contains(text(),'Home')] on browser: ChromeDriver: chrome on WINDOWS (6480bfd5ea27b5ede8769f23d4df9ec7)
2020-Jun-25 15:26:36,579 [main] resonancia.bestbuy.maindata.TestBase 
  INFO  Just after finding element: By.xpath: //div[contains(text(),'Home')] inside [[ChromeDriver: chrome on WINDOWS (6480bfd5ea27b5ede8769f23d4df9ec7)] -> xpath: //div[contains(text(),'Home')]] Web element on browser: ChromeDriver: chrome on WINDOWS (6480bfd5ea27b5ede8769f23d4df9ec7)
2020-Jun-25 15:26:36,602 [main] resonancia.bestbuy.maindata.TestBase 
  INFO  Trying to click on Home div
2020-Jun-25 15:26:36,805 [main] resonancia.bestbuy.maindata.TestBase 
  INFO  Just before finding element: By.xpath: //li[contains(@class,'item-child-menu')]//a[contains(text(),'Vacuum Cleaners & Floor Care')] on browser: ChromeDriver: chrome on WINDOWS (6480bfd5ea27b5ede8769f23d4df9ec7)
2020-Jun-25 15:26:36,823 [main] resonancia.bestbuy.maindata.TestBase 
  INFO  Just after finding element: By.xpath: //li[contains(@class,'item-child-menu')]//a[contains(text(),'Vacuum Cleaners & Floor Care')] inside [[ChromeDriver: chrome on WINDOWS (6480bfd5ea27b5ede8769f23d4df9ec7)] -> xpath: //li[contains(@class,'item-child-menu')]//a[contains(text(),'Vacuum Cleaners & Floor Care')]] Web element on browser: ChromeDriver: chrome on WINDOWS (6480bfd5ea27b5ede8769f23d4df9ec7)
2020-Jun-25 15:26:36,847 [main] resonancia.bestbuy.maindata.TestBase 
  INFO  Trying to click on Vacuum Cleaners & Floor Care a
2020-Jun-25 15:26:38,461 [main] resonancia.bestbuy.maindata.TestBase 
  INFO  Just before finding element: By.xpath: //a[contains(text(),'Pet Vacuums')] on browser: ChromeDriver: chrome on WINDOWS (6480bfd5ea27b5ede8769f23d4df9ec7)
2020-Jun-25 15:26:39,392 [main] resonancia.bestbuy.maindata.TestBase 
  INFO  Just after finding element: By.xpath: //a[contains(text(),'Pet Vacuums')] inside [[ChromeDriver: chrome on WINDOWS (6480bfd5ea27b5ede8769f23d4df9ec7)] -> xpath: //a[contains(text(),'Pet Vacuums')]] Web element on browser: ChromeDriver: chrome on WINDOWS (6480bfd5ea27b5ede8769f23d4df9ec7)
2020-Jun-25 15:26:40,217 [main] resonancia.bestbuy.maindata.TestBase 
  INFO  Trying to click on Pet Vacuums a
2020-Jun-25 15:26:49,127 [main] resonancia.bestbuy.maindata.TestBase 
  INFO  Just before finding element: By.xpath: //span[@class='item-count'] on browser: ChromeDriver: chrome on WINDOWS (6480bfd5ea27b5ede8769f23d4df9ec7)
2020-Jun-25 15:26:49,283 [main] resonancia.bestbuy.maindata.TestBase 
  INFO  Just after finding element: By.xpath: //span[@class='item-count'] inside [[ChromeDriver: chrome on WINDOWS (6480bfd5ea27b5ede8769f23d4df9ec7)] -> xpath: //span[@class='item-count']] Web element on browser: ChromeDriver: chrome on WINDOWS (6480bfd5ea27b5ede8769f23d4df9ec7)
2020-Jun-25 15:26:49,312 [main] resonancia.bestbuy.maindata.TestBase 
  INFO  Just before finding element: By.xpath: //div[@class='left-side']//span on browser: ChromeDriver: chrome on WINDOWS (6480bfd5ea27b5ede8769f23d4df9ec7)
2020-Jun-25 15:26:49,334 [main] resonancia.bestbuy.maindata.TestBase 
  INFO  Just after finding element: By.xpath: //div[@class='left-side']//span inside [[ChromeDriver: chrome on WINDOWS (6480bfd5ea27b5ede8769f23d4df9ec7)] -> xpath: //div[@class='left-side']//span] Web element on browser: ChromeDriver: chrome on WINDOWS (6480bfd5ea27b5ede8769f23d4df9ec7)
2020-Jun-25 15:26:49,359 [main] resonancia.bestbuy.maindata.TestBase 
  INFO  Just before finding element: By.xpath: //div[@class='left-side']//span on browser: ChromeDriver: chrome on WINDOWS (6480bfd5ea27b5ede8769f23d4df9ec7)
2020-Jun-25 15:26:49,399 [main] resonancia.bestbuy.maindata.TestBase 
  INFO  Just after finding element: By.xpath: //div[@class='left-side']//span inside [[ChromeDriver: chrome on WINDOWS (6480bfd5ea27b5ede8769f23d4df9ec7)] -> xpath: //div[@class='left-side']//span] Web element on browser: ChromeDriver: chrome on WINDOWS (6480bfd5ea27b5ede8769f23d4df9ec7)
2020-Jun-25 15:26:49,416 [main] resonancia.bestbuy.maindata.TestBase 
  INFO  Just before finding element: By.xpath: //button[contains(text(),'Products')] on browser: ChromeDriver: chrome on WINDOWS (6480bfd5ea27b5ede8769f23d4df9ec7)
2020-Jun-25 15:26:49,434 [main] resonancia.bestbuy.maindata.TestBase 
  INFO  Just after finding element: By.xpath: //button[contains(text(),'Products')] inside [[ChromeDriver: chrome on WINDOWS (6480bfd5ea27b5ede8769f23d4df9ec7)] -> xpath: //button[contains(text(),'Products')]] Web element on browser: ChromeDriver: chrome on WINDOWS (6480bfd5ea27b5ede8769f23d4df9ec7)
2020-Jun-25 15:26:49,504 [main] resonancia.bestbuy.maindata.TestBase 
  INFO  Trying to click on Products button
2020-Jun-25 15:26:49,831 [main] resonancia.bestbuy.maindata.TestBase 
  INFO  Just before finding element: By.xpath: //button[contains(text(),'Home, Furniture & Office')] on browser: ChromeDriver: chrome on WINDOWS (6480bfd5ea27b5ede8769f23d4df9ec7)
2020-Jun-25 15:26:49,907 [main] resonancia.bestbuy.maindata.TestBase 
  INFO  Just after finding element: By.xpath: //button[contains(text(),'Home, Furniture & Office')] inside [[ChromeDriver: chrome on WINDOWS (6480bfd5ea27b5ede8769f23d4df9ec7)] -> xpath: //button[contains(text(),'Home, Furniture & Office')]] Web element on browser: ChromeDriver: chrome on WINDOWS (6480bfd5ea27b5ede8769f23d4df9ec7)
2020-Jun-25 15:26:49,945 [main] resonancia.bestbuy.maindata.TestBase 
  INFO  Trying to click on Home, Furniture & Office button
2020-Jun-25 15:26:50,273 [main] resonancia.bestbuy.maindata.TestBase 
  INFO  Just before finding element: By.xpath: //div[contains(text(),'Home')] on browser: ChromeDriver: chrome on WINDOWS (6480bfd5ea27b5ede8769f23d4df9ec7)
2020-Jun-25 15:26:50,353 [main] resonancia.bestbuy.maindata.TestBase 
  INFO  Just after finding element: By.xpath: //div[contains(text(),'Home')] inside [[ChromeDriver: chrome on WINDOWS (6480bfd5ea27b5ede8769f23d4df9ec7)] -> xpath: //div[contains(text(),'Home')]] Web element on browser: ChromeDriver: chrome on WINDOWS (6480bfd5ea27b5ede8769f23d4df9ec7)
2020-Jun-25 15:26:50,381 [main] resonancia.bestbuy.maindata.TestBase 
  INFO  Trying to click on Home div
2020-Jun-25 15:26:50,717 [main] resonancia.bestbuy.maindata.TestBase 
  INFO  Just before finding element: By.xpath: //li[contains(@class,'item-child-menu')]//a[contains(text(),'Vacuum Cleaners & Floor Care')] on browser: ChromeDriver: chrome on WINDOWS (6480bfd5ea27b5ede8769f23d4df9ec7)
2020-Jun-25 15:26:50,749 [main] resonancia.bestbuy.maindata.TestBase 
  INFO  Just after finding element: By.xpath: //li[contains(@class,'item-child-menu')]//a[contains(text(),'Vacuum Cleaners & Floor Care')] inside [[ChromeDriver: chrome on WINDOWS (6480bfd5ea27b5ede8769f23d4df9ec7)] -> xpath: //li[contains(@class,'item-child-menu')]//a[contains(text(),'Vacuum Cleaners & Floor Care')]] Web element on browser: ChromeDriver: chrome on WINDOWS (6480bfd5ea27b5ede8769f23d4df9ec7)
2020-Jun-25 15:26:50,856 [main] resonancia.bestbuy.maindata.TestBase 
  INFO  Trying to click on Vacuum Cleaners & Floor Care a
2020-Jun-25 15:26:53,475 [main] resonancia.bestbuy.maindata.TestBase 
  INFO  Just before finding element: By.xpath: //a[contains(text(),'Commercial & Garage Vacuums')] on browser: ChromeDriver: chrome on WINDOWS (6480bfd5ea27b5ede8769f23d4df9ec7)
2020-Jun-25 15:26:54,918 [main] resonancia.bestbuy.maindata.TestBase 
  INFO  Just after finding element: By.xpath: //a[contains(text(),'Commercial & Garage Vacuums')] inside [[ChromeDriver: chrome on WINDOWS (6480bfd5ea27b5ede8769f23d4df9ec7)] -> xpath: //a[contains(text(),'Commercial & Garage Vacuums')]] Web element on browser: ChromeDriver: chrome on WINDOWS (6480bfd5ea27b5ede8769f23d4df9ec7)
2020-Jun-25 15:26:56,015 [main] resonancia.bestbuy.maindata.TestBase 
  INFO  Just before finding element: By.xpath: //button[contains(text(),'Products')] on browser: ChromeDriver: chrome on WINDOWS (6480bfd5ea27b5ede8769f23d4df9ec7)
2020-Jun-25 15:26:56,534 [main] resonancia.bestbuy.maindata.TestBase 
  INFO  Just after finding element: By.xpath: //button[contains(text(),'Products')] inside [[ChromeDriver: chrome on WINDOWS (6480bfd5ea27b5ede8769f23d4df9ec7)] -> xpath: //button[contains(text(),'Products')]] Web element on browser: ChromeDriver: chrome on WINDOWS (6480bfd5ea27b5ede8769f23d4df9ec7)
2020-Jun-25 15:26:57,581 [main] resonancia.bestbuy.maindata.TestBase 
  INFO  Trying to click on Products button
2020-Jun-25 15:26:58,036 [main] resonancia.bestbuy.maindata.TestBase 
  INFO  Just before finding element: By.xpath: //button[contains(text(),'Home, Furniture & Office')] on browser: ChromeDriver: chrome on WINDOWS (6480bfd5ea27b5ede8769f23d4df9ec7)
2020-Jun-25 15:26:58,152 [main] resonancia.bestbuy.maindata.TestBase 
  INFO  Just after finding element: By.xpath: //button[contains(text(),'Home, Furniture & Office')] inside [[ChromeDriver: chrome on WINDOWS (6480bfd5ea27b5ede8769f23d4df9ec7)] -> xpath: //button[contains(text(),'Home, Furniture & Office')]] Web element on browser: ChromeDriver: chrome on WINDOWS (6480bfd5ea27b5ede8769f23d4df9ec7)
2020-Jun-25 15:26:58,393 [main] resonancia.bestbuy.maindata.TestBase 
  INFO  Trying to click on Home, Furniture & Office button
2020-Jun-25 15:26:58,921 [main] resonancia.bestbuy.maindata.TestBase 
  INFO  Just before finding element: By.xpath: //div[contains(text(),'Home')] on browser: ChromeDriver: chrome on WINDOWS (6480bfd5ea27b5ede8769f23d4df9ec7)
2020-Jun-25 15:26:59,121 [main] resonancia.bestbuy.maindata.TestBase 
  INFO  Just after finding element: By.xpath: //div[contains(text(),'Home')] inside [[ChromeDriver: chrome on WINDOWS (6480bfd5ea27b5ede8769f23d4df9ec7)] -> xpath: //div[contains(text(),'Home')]] Web element on browser: ChromeDriver: chrome on WINDOWS (6480bfd5ea27b5ede8769f23d4df9ec7)
2020-Jun-25 15:26:59,183 [main] resonancia.bestbuy.maindata.TestBase 
  INFO  Trying to click on Home div
2020-Jun-25 15:26:59,410 [main] resonancia.bestbuy.maindata.TestBase 
  INFO  Just before finding element: By.xpath: //li[contains(@class,'item-child-menu')]//a[contains(text(),'Vacuum Cleaners & Floor Care')] on browser: ChromeDriver: chrome on WINDOWS (6480bfd5ea27b5ede8769f23d4df9ec7)
2020-Jun-25 15:26:59,443 [main] resonancia.bestbuy.maindata.TestBase 
  INFO  Just after finding element: By.xpath: //li[contains(@class,'item-child-menu')]//a[contains(text(),'Vacuum Cleaners & Floor Care')] inside [[ChromeDriver: chrome on WINDOWS (6480bfd5ea27b5ede8769f23d4df9ec7)] -> xpath: //li[contains(@class,'item-child-menu')]//a[contains(text(),'Vacuum Cleaners & Floor Care')]] Web element on browser: ChromeDriver: chrome on WINDOWS (6480bfd5ea27b5ede8769f23d4df9ec7)
2020-Jun-25 15:26:59,494 [main] resonancia.bestbuy.maindata.TestBase 
  INFO  Trying to click on Vacuum Cleaners & Floor Care a
