2020-Jun-25 14:48:03,691 [main] resonancia.bestbuy.maindata.TestBase 
  INFO  Configuration file loaded
2020-Jun-25 14:48:27,482 [main] resonancia.bestbuy.maindata.TestBase 
  INFO  Just before finding element: By.xpath: //button[contains(text(),'Products')] on browser: ChromeDriver: chrome on WINDOWS (596d5f177b267bf7a90da266ce723805)
2020-Jun-25 14:48:27,860 [main] resonancia.bestbuy.maindata.TestBase 
  INFO  Just after finding element: By.xpath: //button[contains(text(),'Products')] inside [[ChromeDriver: chrome on WINDOWS (596d5f177b267bf7a90da266ce723805)] -> xpath: //button[contains(text(),'Products')]] Web element on browser: ChromeDriver: chrome on WINDOWS (596d5f177b267bf7a90da266ce723805)
2020-Jun-25 14:48:28,169 [main] resonancia.bestbuy.maindata.TestBase 
  INFO  Trying to click on Products button
2020-Jun-25 14:48:29,209 [main] resonancia.bestbuy.maindata.TestBase 
  INFO  Just before finding element: By.xpath: //button[contains(text(),'Home, Furniture & Office')] on browser: ChromeDriver: chrome on WINDOWS (596d5f177b267bf7a90da266ce723805)
2020-Jun-25 14:48:29,515 [main] resonancia.bestbuy.maindata.TestBase 
  INFO  Just after finding element: By.xpath: //button[contains(text(),'Home, Furniture & Office')] inside [[ChromeDriver: chrome on WINDOWS (596d5f177b267bf7a90da266ce723805)] -> xpath: //button[contains(text(),'Home, Furniture & Office')]] Web element on browser: ChromeDriver: chrome on WINDOWS (596d5f177b267bf7a90da266ce723805)
2020-Jun-25 14:48:29,917 [main] resonancia.bestbuy.maindata.TestBase 
  INFO  Trying to click on Home, Furniture & Office button
2020-Jun-25 14:48:30,762 [main] resonancia.bestbuy.maindata.TestBase 
  INFO  Just before finding element: By.xpath: //div[contains(text(),'Home')] on browser: ChromeDriver: chrome on WINDOWS (596d5f177b267bf7a90da266ce723805)
2020-Jun-25 14:48:30,953 [main] resonancia.bestbuy.maindata.TestBase 
  INFO  Just after finding element: By.xpath: //div[contains(text(),'Home')] inside [[ChromeDriver: chrome on WINDOWS (596d5f177b267bf7a90da266ce723805)] -> xpath: //div[contains(text(),'Home')]] Web element on browser: ChromeDriver: chrome on WINDOWS (596d5f177b267bf7a90da266ce723805)
2020-Jun-25 14:48:31,189 [main] resonancia.bestbuy.maindata.TestBase 
  INFO  Trying to click on Home div
2020-Jun-25 14:48:31,903 [main] resonancia.bestbuy.maindata.TestBase 
  INFO  Just before finding element: By.xpath: //li[contains(@class,'item-child-menu')]//a[contains(text(),'Vacuum Cleaners & Floor Care')] on browser: ChromeDriver: chrome on WINDOWS (596d5f177b267bf7a90da266ce723805)
2020-Jun-25 14:48:32,036 [main] resonancia.bestbuy.maindata.TestBase 
  INFO  Just after finding element: By.xpath: //li[contains(@class,'item-child-menu')]//a[contains(text(),'Vacuum Cleaners & Floor Care')] inside [[ChromeDriver: chrome on WINDOWS (596d5f177b267bf7a90da266ce723805)] -> xpath: //li[contains(@class,'item-child-menu')]//a[contains(text(),'Vacuum Cleaners & Floor Care')]] Web element on browser: ChromeDriver: chrome on WINDOWS (596d5f177b267bf7a90da266ce723805)
2020-Jun-25 14:48:32,325 [main] resonancia.bestbuy.maindata.TestBase 
  INFO  Trying to click on Vacuum Cleaners & Floor Care a
2020-Jun-25 14:48:47,110 [main] resonancia.bestbuy.maindata.TestBase 
  INFO  Just before finding element: By.xpath: //a[contains(text(),'Upright Vacuums')] on browser: ChromeDriver: chrome on WINDOWS (596d5f177b267bf7a90da266ce723805)
2020-Jun-25 14:48:47,351 [main] resonancia.bestbuy.maindata.TestBase 
  INFO  Just after finding element: By.xpath: //a[contains(text(),'Upright Vacuums')] inside [[ChromeDriver: chrome on WINDOWS (596d5f177b267bf7a90da266ce723805)] -> xpath: //a[contains(text(),'Upright Vacuums')]] Web element on browser: ChromeDriver: chrome on WINDOWS (596d5f177b267bf7a90da266ce723805)
2020-Jun-25 14:48:48,849 [main] resonancia.bestbuy.maindata.TestBase 
  INFO  Trying to click on Upright Vacuums a
2020-Jun-25 14:48:53,425 [main] resonancia.bestbuy.maindata.TestBase 
  INFO  Just before finding element: By.xpath: //span[@class='item-count'] on browser: ChromeDriver: chrome on WINDOWS (596d5f177b267bf7a90da266ce723805)
2020-Jun-25 14:48:59,782 [main] resonancia.bestbuy.maindata.TestBase 
  INFO  Just after finding element: By.xpath: //span[@class='item-count'] inside [[ChromeDriver: chrome on WINDOWS (596d5f177b267bf7a90da266ce723805)] -> xpath: //span[@class='item-count']] Web element on browser: ChromeDriver: chrome on WINDOWS (596d5f177b267bf7a90da266ce723805)
